2025-03-11 12:02:21,386 [INFO] Activator:176 - 


2025-03-11 12:02:21,397 [INFO] Activator:177 - !SESSION log4j initialized
2025-03-11 12:02:37,740 [INFO] LogOutputStream:77 - [STDOUT_REDIRECT] 
2025-03-11 12:02:39,868 [INFO] ApplicationProperties:184 - Using Application install path: C:\ST\STM32CubeIDE_1.14.1\STM32CubeIDE\plugins\com.st.stm32cube.common.mx_6.10.0.202311202037
2025-03-11 12:02:39,901 [INFO] DbMcusXml:78 - Set database path to: C:\ST\STM32CubeIDE_1.14.1\STM32CubeIDE\plugins\com.st.stm32cube.common.mx_6.10.0.202311202037\\db\/mcu/
2025-03-11 12:02:39,902 [INFO] ApiDb:274 - Set plugin database path to: C:\ST\STM32CubeIDE_1.14.1\STM32CubeIDE\plugins\com.st.stm32cube.common.mx_6.10.0.202311202037\\db\/plugins/boardmanager/
2025-03-11 12:02:39,902 [WARN] ApiDb:259 - Overriding images path with different value:  => C:\ST\STM32CubeIDE_1.14.1\STM32CubeIDE\plugins\com.st.stm32cube.common.mx_6.10.0.202311202037\\db\/plugins/mcufinder/images/
2025-03-11 12:02:39,916 [INFO] ApiDb:250 - Set database path to: C:\Users\siddh\.stmcufinder\plugins\mcufinder//mcu/
2025-03-11 12:02:39,918 [INFO] DbMcusAds:125 - Set database path to: C:\Users\siddh\.stmcufinder\plugins\mcufinder//mcu/
2025-03-11 12:02:39,919 [INFO] CrossReferenceDbSqlite:203 - Set database path to: C:\Users\siddh\.stmcufinder\plugins\mcufinder//mcu/cs/
2025-03-11 12:02:40,052 [INFO] RulesReader:64 - Compatibility file has been processed (297 Rules)
2025-03-11 12:02:40,139 [INFO] DbMcusXml:78 - Set database path to: C:\ST\STM32CubeIDE_1.14.1\STM32CubeIDE\plugins\com.st.stm32cube.common.mx_6.10.0.202311202037\\db\/mcu/
2025-03-11 12:02:40,139 [INFO] ApiDb:274 - Set plugin database path to: C:\ST\STM32CubeIDE_1.14.1\STM32CubeIDE\plugins\com.st.stm32cube.common.mx_6.10.0.202311202037\\db\/plugins/boardmanager/
2025-03-11 12:02:40,139 [INFO] ApiDb:261 - Set plugin images path to: C:\ST\STM32CubeIDE_1.14.1\STM32CubeIDE\plugins\com.st.stm32cube.common.mx_6.10.0.202311202037\\db\/plugins/mcufinder/images/
2025-03-11 12:02:40,139 [WARN] DbFile:41 - Overriding database path with different value: C:\Users\siddh\.stmcufinder\plugins\mcufinder/ => C:\Users\siddh\.stmcufinder\plugins\mcufinder
2025-03-11 12:02:40,139 [INFO] ApiDb:250 - Set database path to: C:\Users\siddh\.stmcufinder\plugins\mcufinder//mcu/
2025-03-11 12:02:40,139 [WARN] DbFile:41 - Overriding database path with different value: C:\Users\siddh\.stmcufinder\plugins\mcufinder/ => C:\Users\siddh\.stmcufinder\plugins\mcufinder
2025-03-11 12:02:40,139 [INFO] DbMcusAds:125 - Set database path to: C:\Users\siddh\.stmcufinder\plugins\mcufinder//mcu/
2025-03-11 12:02:40,139 [WARN] DbFile:41 - Overriding database path with different value: C:\Users\siddh\.stmcufinder\plugins\mcufinder/ => C:\Users\siddh\.stmcufinder\plugins\mcufinder
2025-03-11 12:02:40,140 [WARN] DbFile:41 - Overriding database path with different value: C:\Users\siddh\.stmcufinder\plugins\mcufinder/ => C:\Users\siddh\.stmcufinder\plugins\mcufinder
2025-03-11 12:02:40,140 [INFO] CrossReferenceDbSqlite:203 - Set database path to: C:\Users\siddh\.stmcufinder\plugins\mcufinder//mcu/cs/
2025-03-11 12:02:40,228 [INFO] MainPanel:264 - HeapMemory: 268435456
2025-03-11 12:02:40,340 [INFO] DbMcusXml:78 - Set database path to: C:\ST\STM32CubeIDE_1.14.1\STM32CubeIDE\plugins\com.st.stm32cube.common.mx_6.10.0.202311202037\\db\/mcu/
2025-03-11 12:02:40,341 [INFO] ApiDb:274 - Set plugin database path to: C:\ST\STM32CubeIDE_1.14.1\STM32CubeIDE\plugins\com.st.stm32cube.common.mx_6.10.0.202311202037\\db\/plugins/boardmanager/
2025-03-11 12:02:40,341 [INFO] ApiDb:261 - Set plugin images path to: C:\ST\STM32CubeIDE_1.14.1\STM32CubeIDE\plugins\com.st.stm32cube.common.mx_6.10.0.202311202037\\db\/plugins/mcufinder/images/
2025-03-11 12:02:40,341 [WARN] DbFile:41 - Overriding database path with different value: C:\Users\siddh\.stmcufinder\plugins\mcufinder/ => C:\Users\siddh\.stmcufinder\plugins\mcufinder
2025-03-11 12:02:40,341 [INFO] ApiDb:250 - Set database path to: C:\Users\siddh\.stmcufinder\plugins\mcufinder//mcu/
2025-03-11 12:02:40,341 [WARN] DbFile:41 - Overriding database path with different value: C:\Users\siddh\.stmcufinder\plugins\mcufinder/ => C:\Users\siddh\.stmcufinder\plugins\mcufinder
2025-03-11 12:02:40,341 [INFO] DbMcusAds:125 - Set database path to: C:\Users\siddh\.stmcufinder\plugins\mcufinder//mcu/
2025-03-11 12:02:40,341 [WARN] DbFile:41 - Overriding database path with different value: C:\Users\siddh\.stmcufinder\plugins\mcufinder/ => C:\Users\siddh\.stmcufinder\plugins\mcufinder
2025-03-11 12:02:40,341 [WARN] DbFile:41 - Overriding database path with different value: C:\Users\siddh\.stmcufinder\plugins\mcufinder/ => C:\Users\siddh\.stmcufinder\plugins\mcufinder
2025-03-11 12:02:40,342 [INFO] CrossReferenceDbSqlite:203 - Set database path to: C:\Users\siddh\.stmcufinder\plugins\mcufinder//mcu/cs/
2025-03-11 12:02:40,368 [INFO] ApplicationProperties:184 - Using Application install path: C:\ST\STM32CubeIDE_1.14.1\STM32CubeIDE\plugins\com.st.stm32cube.common.mx_6.10.0.202311202037
2025-03-11 12:02:40,370 [INFO] PluginManage:196 - Search for loadable plugins [exclusion list=, ]
2025-03-11 12:02:40,373 [INFO] PluginManage:310 - Check plugin analytics
2025-03-11 12:02:40,636 [INFO] AnalyticsPlugin:253 - Accepted Software Licenses: 
2025-03-11 12:02:40,636 [INFO] AnalyticsPlugin:255 - Accepted CMSIS Pack Licenses: 
2025-03-11 12:02:40,637 [INFO] AnalyticsPlugin:257 - Accepted Firmware Licenses: 
2025-03-11 12:02:40,643 [INFO] PluginManage:359 - Loaded plugin analytics (category:tool,tabindex:-1)
2025-03-11 12:02:40,644 [INFO] PluginManage:310 - Check plugin cadmodel
2025-03-11 12:02:40,687 [INFO] CADModel:105 - Init CAD model plugin
2025-03-11 12:02:40,687 [INFO] PluginManage:359 - Loaded plugin cadmodel (category:power,tabindex:5)
2025-03-11 12:02:40,688 [INFO] PluginManage:310 - Check plugin clock
2025-03-11 12:02:40,747 [INFO] PluginManage:359 - Loaded plugin clock (category:base,tabindex:2)
2025-03-11 12:02:40,748 [INFO] PluginManage:310 - Check plugin ddr
2025-03-11 12:02:40,752 [INFO] PluginManage:359 - Loaded plugin ddr (category:tool,tabindex:6)
2025-03-11 12:02:40,753 [INFO] PluginManage:310 - Check plugin filemanager
2025-03-11 12:02:40,948 [INFO] PluginManage:359 - Loaded plugin filemanager (category:base,tabindex:10)
2025-03-11 12:02:40,949 [INFO] PluginManage:310 - Check plugin ipmanager
2025-03-11 12:02:40,961 [INFO] PluginManage:359 - Loaded plugin ipmanager (category:base,tabindex:5)
2025-03-11 12:02:40,961 [INFO] PluginManage:310 - Check plugin lpbam
2025-03-11 12:02:41,004 [INFO] PluginManage:359 - Loaded plugin lpbam (category:base,tabindex:0)
2025-03-11 12:02:41,004 [INFO] PluginManage:310 - Check plugin memorymap
2025-03-11 12:02:41,045 [INFO] PluginManage:359 - Loaded plugin memorymap (category:base,tabindex:4)
2025-03-11 12:02:41,045 [INFO] PluginManage:310 - Check plugin pinoutandconfiguration
2025-03-11 12:02:41,079 [INFO] PluginManage:359 - Loaded plugin pinoutandconfiguration (category:base,tabindex:1)
2025-03-11 12:02:41,080 [INFO] PluginManage:310 - Check plugin pinoutconfig
2025-03-11 12:02:41,270 [WARN] SupportedApi:132 - Cannot load RTOS API schema: s4s-elt-must-match.1: The content of 'definitions' must match (annotation?, (simpleType | complexType)?, (unique | key | keyref)*)). A problem was found starting at: attribute.
2025-03-11 12:02:41,551 [INFO] PluginManage:359 - Loaded plugin pinoutconfig (category:base,tabindex:0)
2025-03-11 12:02:41,551 [INFO] PluginManage:310 - Check plugin power
2025-03-11 12:02:41,606 [INFO] PluginManage:359 - Loaded plugin power (category:power,tabindex:4)
2025-03-11 12:02:41,606 [INFO] PluginManage:310 - Check plugin projectmanager
2025-03-11 12:02:41,631 [INFO] PluginManage:359 - Loaded plugin projectmanager (category:projectmanager,tabindex:3)
2025-03-11 12:02:41,632 [INFO] PluginManage:310 - Check plugin thirdparty
2025-03-11 12:02:42,438 [INFO] PluginManage:359 - Loaded plugin thirdparty (category:base,tabindex:-1)
2025-03-11 12:02:42,438 [WARN] IntegrityCheckThread:84 - waiting for thirdparty lock release [integrity check]
2025-03-11 12:02:42,438 [INFO] PluginManage:310 - Check plugin tools
2025-03-11 12:02:42,438 [INFO] IntegrityCheckThread:86 - entering critical section [integrity check]
2025-03-11 12:02:42,439 [INFO] ThirdPartyUpdaterWithRetryManager:70 - Updater plugin not ready yet. [1/15]
2025-03-11 12:02:42,566 [INFO] PluginManage:359 - Loaded plugin tools (category:base,tabindex:7)
2025-03-11 12:02:42,566 [INFO] PluginManage:310 - Check plugin tutovideos
2025-03-11 12:02:43,239 [INFO] PluginManage:359 - Loaded plugin tutovideos (category:base,tabindex:-1)
2025-03-11 12:02:43,239 [INFO] PluginManage:310 - Check plugin updater
2025-03-11 12:02:43,278 [INFO] PluginManage:359 - Loaded plugin updater (category:base,tabindex:12)
2025-03-11 12:02:43,278 [INFO] PluginManage:310 - Check plugin userauth
2025-03-11 12:02:43,294 [INFO] UserAuth:114 - Init User Auth plugin
2025-03-11 12:02:43,294 [INFO] PluginManage:359 - Loaded plugin userauth (category:base,tabindex:14)
2025-03-11 12:02:43,295 [INFO] PluginManage:283 - PluginManage : Loaded plugins [17]
2025-03-11 12:02:43,915 [INFO] PinOutPanel:1499 - setPackage(No Configuration,No Configuration)
2025-03-11 12:02:44,106 [INFO] CADModel:165 - CPN selected for project level
2025-03-11 12:02:44,107 [INFO] CADModel:114 - Register for checkConnection events
2025-03-11 12:02:44,179 [INFO] IPUIPlugin:80 - create IPUIPlugin
2025-03-11 12:02:44,180 [INFO] PluginManager:220 - loadIPPluginJar : add adc
2025-03-11 12:02:44,305 [INFO] IPUIPlugin:80 - create IPUIPlugin
2025-03-11 12:02:44,305 [INFO] PluginManager:220 - loadIPPluginJar : add aes
2025-03-11 12:02:44,440 [INFO] IPUIPlugin:80 - create IPUIPlugin
2025-03-11 12:02:44,440 [INFO] PluginManager:220 - loadIPPluginJar : add can
2025-03-11 12:02:44,524 [INFO] IPUIPlugin:80 - create IPUIPlugin
2025-03-11 12:02:44,525 [INFO] PluginManager:220 - loadIPPluginJar : add comp
2025-03-11 12:02:44,642 [INFO] IPUIPlugin:80 - create IPUIPlugin
2025-03-11 12:02:44,642 [INFO] PluginManager:220 - loadIPPluginJar : add cryp
2025-03-11 12:02:44,754 [INFO] IPUIPlugin:80 - create IPUIPlugin
2025-03-11 12:02:44,754 [INFO] PluginManager:220 - loadIPPluginJar : add dfsdm
2025-03-11 12:02:44,803 [INFO] IPUIPlugin:80 - create IPUIPlugin
2025-03-11 12:02:44,804 [INFO] PluginManager:220 - loadIPPluginJar : add dma
2025-03-11 12:02:44,959 [INFO] IPUIPlugin:80 - create IPUIPlugin
2025-03-11 12:02:44,960 [INFO] PluginManager:220 - loadIPPluginJar : add dma3
2025-03-11 12:02:45,041 [INFO] IPUIPlugin:80 - create IPUIPlugin
2025-03-11 12:02:45,041 [INFO] PluginManager:220 - loadIPPluginJar : add fatfs
2025-03-11 12:02:45,209 [INFO] IPUIPlugin:80 - create IPUIPlugin
2025-03-11 12:02:45,209 [INFO] PluginManager:220 - loadIPPluginJar : add fmc
2025-03-11 12:02:45,257 [INFO] IPUIPlugin:80 - create IPUIPlugin
2025-03-11 12:02:45,257 [INFO] PluginManager:220 - loadIPPluginJar : add freertos
2025-03-11 12:02:45,328 [INFO] IPUIPlugin:80 - create IPUIPlugin
2025-03-11 12:02:45,328 [INFO] PluginManager:220 - loadIPPluginJar : add genericplugin
2025-03-11 12:02:45,451 [INFO] ThirdPartyUpdaterWithRetryManager:70 - Updater plugin not ready yet. [2/15]
2025-03-11 12:02:45,631 [INFO] IPUIPlugin:80 - create IPUIPlugin
2025-03-11 12:02:45,631 [INFO] PluginManager:220 - loadIPPluginJar : add gfxmmu
2025-03-11 12:02:46,073 [INFO] IPUIPlugin:80 - create IPUIPlugin
2025-03-11 12:02:46,073 [INFO] PluginManager:220 - loadIPPluginJar : add gic
2025-03-11 12:02:46,111 [INFO] IPUIPlugin:80 - create IPUIPlugin
2025-03-11 12:02:46,111 [INFO] PluginManager:220 - loadIPPluginJar : add gpio
2025-03-11 12:02:46,425 [INFO] IPUIPlugin:80 - create IPUIPlugin
2025-03-11 12:02:46,426 [INFO] PluginManager:220 - loadIPPluginJar : add gtzc
2025-03-11 12:02:46,534 [INFO] IPUIPlugin:80 - create IPUIPlugin
2025-03-11 12:02:46,535 [INFO] PluginManager:220 - loadIPPluginJar : add hash
2025-03-11 12:02:46,708 [INFO] IPUIPlugin:80 - create IPUIPlugin
2025-03-11 12:02:46,709 [INFO] PluginManager:220 - loadIPPluginJar : add i2c
2025-03-11 12:02:46,849 [INFO] IPUIPlugin:80 - create IPUIPlugin
2025-03-11 12:02:46,849 [INFO] PluginManager:220 - loadIPPluginJar : add i2s
2025-03-11 12:02:46,984 [INFO] IPUIPlugin:80 - create IPUIPlugin
2025-03-11 12:02:46,984 [INFO] PluginManager:220 - loadIPPluginJar : add i3c
2025-03-11 12:02:47,274 [INFO] IPUIPlugin:80 - create IPUIPlugin
2025-03-11 12:02:47,274 [INFO] PluginManager:220 - loadIPPluginJar : add ipddr
2025-03-11 12:02:47,556 [INFO] IPUIPlugin:80 - create IPUIPlugin
2025-03-11 12:02:47,557 [INFO] PluginManager:220 - loadIPPluginJar : add linkedlist
2025-03-11 12:02:47,672 [INFO] IPUIPlugin:80 - create IPUIPlugin
2025-03-11 12:02:47,673 [INFO] PluginManager:220 - loadIPPluginJar : add lorawan
2025-03-11 12:02:47,787 [INFO] IPUIPlugin:80 - create IPUIPlugin
2025-03-11 12:02:47,787 [INFO] PluginManager:220 - loadIPPluginJar : add ltdc
2025-03-11 12:02:47,821 [INFO] IPUIPlugin:80 - create IPUIPlugin
2025-03-11 12:02:47,821 [INFO] PluginManager:220 - loadIPPluginJar : add mdma
2025-03-11 12:02:47,854 [INFO] IPUIPlugin:80 - create IPUIPlugin
2025-03-11 12:02:47,854 [INFO] PluginManager:220 - loadIPPluginJar : add nvic
2025-03-11 12:02:47,961 [INFO] IPUIPlugin:80 - create IPUIPlugin
2025-03-11 12:02:47,961 [INFO] PluginManager:220 - loadIPPluginJar : add opamp
2025-03-11 12:02:48,140 [INFO] IPUIPlugin:80 - create IPUIPlugin
2025-03-11 12:02:48,140 [INFO] PluginManager:220 - loadIPPluginJar : add openamp
2025-03-11 12:02:48,263 [INFO] IPUIPlugin:80 - create IPUIPlugin
2025-03-11 12:02:48,264 [INFO] PluginManager:220 - loadIPPluginJar : add pdm2pcm
2025-03-11 12:02:48,301 [INFO] IPUIPlugin:80 - create IPUIPlugin
2025-03-11 12:02:48,305 [INFO] PluginManager:220 - loadIPPluginJar : add plateformsettings
2025-03-11 12:02:48,376 [INFO] IPUIPlugin:80 - create IPUIPlugin
2025-03-11 12:02:48,378 [INFO] PluginManager:220 - loadIPPluginJar : add quadspi
2025-03-11 12:02:48,421 [INFO] IPUIPlugin:80 - create IPUIPlugin
2025-03-11 12:02:48,421 [INFO] PluginManager:220 - loadIPPluginJar : add resmgrutility
2025-03-11 12:02:48,456 [INFO] ThirdPartyUpdaterWithRetryManager:70 - Updater plugin not ready yet. [3/15]
2025-03-11 12:02:48,557 [INFO] IPUIPlugin:80 - create IPUIPlugin
2025-03-11 12:02:48,557 [INFO] PluginManager:220 - loadIPPluginJar : add sai
2025-03-11 12:02:48,681 [INFO] IPUIPlugin:80 - create IPUIPlugin
2025-03-11 12:02:48,681 [INFO] PluginManager:220 - loadIPPluginJar : add spi
2025-03-11 12:02:48,885 [INFO] IPUIPlugin:80 - create IPUIPlugin
2025-03-11 12:02:48,885 [INFO] PluginManager:220 - loadIPPluginJar : add stm32_wpan
2025-03-11 12:02:48,955 [INFO] IPUIPlugin:80 - create IPUIPlugin
2025-03-11 12:02:48,955 [INFO] PluginManager:220 - loadIPPluginJar : add tim
2025-03-11 12:02:49,129 [INFO] IPUIPlugin:80 - create IPUIPlugin
2025-03-11 12:02:49,130 [INFO] PluginManager:220 - loadIPPluginJar : add touchsensing
2025-03-11 12:02:49,194 [INFO] IPUIPlugin:80 - create IPUIPlugin
2025-03-11 12:02:49,195 [INFO] PluginManager:220 - loadIPPluginJar : add tracer_emb
2025-03-11 12:02:49,266 [INFO] IPUIPlugin:80 - create IPUIPlugin
2025-03-11 12:02:49,266 [INFO] PluginManager:220 - loadIPPluginJar : add ts
2025-03-11 12:02:49,331 [INFO] IPUIPlugin:80 - create IPUIPlugin
2025-03-11 12:02:49,331 [INFO] PluginManager:220 - loadIPPluginJar : add tsc
2025-03-11 12:02:49,394 [INFO] IPUIPlugin:80 - create IPUIPlugin
2025-03-11 12:02:49,394 [INFO] PluginManager:220 - loadIPPluginJar : add ucpd
2025-03-11 12:02:49,524 [INFO] IPUIPlugin:80 - create IPUIPlugin
2025-03-11 12:02:49,524 [INFO] PluginManager:220 - loadIPPluginJar : add usart
2025-03-11 12:02:49,648 [INFO] IPUIPlugin:80 - create IPUIPlugin
2025-03-11 12:02:49,648 [INFO] PluginManager:220 - loadIPPluginJar : add usbx
2025-03-11 12:02:49,839 [INFO] CADModel:165 - CPN selected for project level
2025-03-11 12:02:49,839 [INFO] CADModel:114 - Register for checkConnection events
2025-03-11 12:02:49,840 [FATAL] Updater:308 - Updater called before beeing initialized
2025-03-11 12:02:49,840 [ERROR] CADModel:125 - Updater not yet initialized, retry later 
2025-03-11 12:02:50,185 [INFO] CADModel:165 - CPN selected for project level
2025-03-11 12:02:50,186 [INFO] CADModel:114 - Register for checkConnection events
2025-03-11 12:02:50,186 [FATAL] Updater:308 - Updater called before beeing initialized
2025-03-11 12:02:50,186 [ERROR] CADModel:125 - Updater not yet initialized, retry later 
2025-03-11 12:02:50,192 [FATAL] Updater:308 - Updater called before beeing initialized
2025-03-11 12:02:50,413 [FATAL] Updater:308 - Updater called before beeing initialized
2025-03-11 12:02:50,431 [INFO] DbMcusAds:53 - JSON generation date=Wed Nov 29 16:22:27 IST 2023 (1701255147208)
2025-03-11 12:02:50,432 [FATAL] Updater:308 - Updater called before beeing initialized
2025-03-11 12:02:50,616 [WARN] DetailPanel:346 - Failed to get advertising image, set to default
2025-03-11 12:02:50,828 [FATAL] Updater:308 - Updater called before beeing initialized
2025-03-11 12:02:50,834 [FATAL] Updater:308 - Updater called before beeing initialized
2025-03-11 12:02:50,834 [FATAL] Updater:308 - Updater called before beeing initialized
2025-03-11 12:02:50,834 [WARN] DetailPanel:346 - Failed to get advertising image, set to default
2025-03-11 12:02:50,836 [FATAL] Updater:308 - Updater called before beeing initialized
2025-03-11 12:02:50,968 [ERROR] Updater:1120 - MainUpdater not yet initialized. External WinMGr cannot be set.
2025-03-11 12:02:50,994 [INFO] Updater:1056 - Updater Version found : 6.10.0
2025-03-11 12:02:51,038 [INFO] ApplicationProperties:184 - Using Application install path: C:\ST\STM32CubeIDE_1.14.1\STM32CubeIDE\plugins\com.st.stm32cube.common.mx_6.10.0.202311202037
2025-03-11 12:02:51,470 [INFO] ThirdPartyUpdaterWithRetryManager:70 - Updater plugin not ready yet. [4/15]
2025-03-11 12:02:52,669 [ERROR] LogOutputStream:75 - [STDERR_REDIRECT] Mar 11, 2025 12:02:52 PM java.util.prefs.WindowsPreferences <init>
2025-03-11 12:02:52,672 [ERROR] LogOutputStream:75 - [STDERR_REDIRECT] WARNING: Could not open/create prefs root node Software\JavaSoft\Prefs at root 0xffffffff80000002. Windows RegCreateKeyEx(...) returned error code 5.
2025-03-11 12:02:52,672 [ERROR] LogOutputStream:75 - [STDERR_REDIRECT] 
2025-03-11 12:02:53,061 [INFO] MainUpdater:2873 - connection check result : 10
2025-03-11 12:02:53,062 [INFO] MainUpdater:3567 - Updater definition file requires update
2025-03-11 12:02:53,066 [INFO] MainUpdater:290 - Updater Check For Update Now.
2025-03-11 12:02:53,066 [INFO] MicroXplorer:498 - Change Database Version : DB.6.0.100
2025-03-11 12:02:53,099 [INFO] McuFinderGlobals:63 - Set McuFinder mode to 2 (CubeIDE integrated)
2025-03-11 12:02:53,099 [INFO] UserAuth:180 - activating auth plugin
2025-03-11 12:02:53,103 [INFO] UserAuth:404 - Internet connection configuration mode: 1
2025-03-11 12:02:53,143 [INFO] JxBrowserEngine:152 - Initiate JxBrowser Engine with user profile folder
2025-03-11 12:02:53,240 [INFO] ServerAccessManage:473 - Download File updaters.zip
2025-03-11 12:02:53,310 [INFO] FileExtend:240 - Unzip File : updaters.zip
2025-03-11 12:02:53,310 [INFO] FileExtend:255 - Standard Zip Deflate
2025-03-11 12:02:54,484 [WARN] MainUpdater:1194 - Updater busy. Cannot search thirdparties
2025-03-11 12:02:54,485 [INFO] ThirdPartyUpdaterWithRetryManager:96 - Updater plugin is busy. [1/15]
2025-03-11 12:02:54,768 [INFO] ServerAccessManage:473 - Download File PacksControlFlags.xml
2025-03-11 12:02:54,923 [INFO] ServerAccessManage:473 - Download File cubemx.pidx
2025-03-11 12:02:55,224 [INFO] ServerAccessManage:473 - Download File STMicroelectronics.FP-ATR-ASTRA1.pdsc
2025-03-11 12:02:55,579 [INFO] ServerAccessManage:473 - Download File STMicroelectronics.FP-SNS-STBOX1.pdsc
2025-03-11 12:02:56,228 [INFO] ServerAccessManage:473 - Download File STMicroelectronics.FP-SNS-MOTENV1.pdsc
2025-03-11 12:02:57,363 [INFO] WebApp:161 - Instantiating new browser for Auth
2025-03-11 12:02:57,493 [WARN] MainUpdater:1194 - Updater busy. Cannot search thirdparties
2025-03-11 12:02:57,493 [INFO] ThirdPartyUpdaterWithRetryManager:96 - Updater plugin is busy. [2/15]
2025-03-11 12:02:57,875 [INFO] ServerAccessManage:473 - Download File STMicroelectronics.FP-SNS-MOTENVWB1.pdsc
2025-03-11 12:02:58,210 [INFO] WebApp:780 - Register for checkConnection events
2025-03-11 12:02:58,210 [INFO] WebApp:414 - Apply proxy settings
2025-03-11 12:02:58,210 [INFO] WebApp:499 - Chromium requires no authentication
2025-03-11 12:02:58,219 [INFO] WebApp:442 - Direct internet connection detected
2025-03-11 12:02:58,386 [INFO] WebApp:192 - Starting web application
2025-03-11 12:02:58,386 [INFO] WebApp:544 - Web application path used C:\ST\STM32CubeIDE_1.14.1\STM32CubeIDE\plugins\com.st.stm32cube.common.mx_6.10.0.202311202037\db\plugins\mcufinder\reactClient1\index.html
2025-03-11 12:02:58,956 [INFO] ServerAccessManage:473 - Download File STMicroelectronics.X-CUBE-AI.pdsc
2025-03-11 12:03:00,495 [WARN] MainUpdater:1194 - Updater busy. Cannot search thirdparties
2025-03-11 12:03:00,495 [INFO] ThirdPartyUpdaterWithRetryManager:96 - Updater plugin is busy. [3/15]
2025-03-11 12:03:00,606 [INFO] ServerAccessManage:473 - Download File STMicroelectronics.X-CUBE-ALS.pdsc
2025-03-11 12:03:02,215 [INFO] ServerAccessManage:473 - Download File STMicroelectronics.X-CUBE-BLE1.pdsc
2025-03-11 12:03:03,061 [ERROR] ServerAccessManage:1089 - Problem, file not found on Server
2025-03-11 12:03:03,497 [WARN] MainUpdater:1194 - Updater busy. Cannot search thirdparties
2025-03-11 12:03:03,497 [INFO] ThirdPartyUpdaterWithRetryManager:96 - Updater plugin is busy. [4/15]
2025-03-11 12:03:03,526 [INFO] ServerAccessManage:473 - Download File STMicroelectronics.X-CUBE-BLEMGR.pdsc
2025-03-11 12:03:03,885 [ERROR] ServerAccessManage:1089 - Problem, file not found on Server
2025-03-11 12:03:06,499 [WARN] MainUpdater:1194 - Updater busy. Cannot search thirdparties
2025-03-11 12:03:06,499 [INFO] ThirdPartyUpdaterWithRetryManager:96 - Updater plugin is busy. [5/15]
2025-03-11 12:03:07,177 [INFO] ServerAccessManage:473 - Download File STMicroelectronics.X-CUBE-DPOWER.pdsc
2025-03-11 12:03:08,030 [ERROR] ServerAccessManage:1089 - Problem, file not found on Server
2025-03-11 12:03:08,439 [ERROR] ServerAccessManage:1089 - Problem, file not found on Server
2025-03-11 12:03:09,062 [ERROR] ServerAccessManage:1089 - Problem, file not found on Server
2025-03-11 12:03:09,487 [ERROR] ServerAccessManage:1089 - Problem, file not found on Server
2025-03-11 12:03:09,501 [WARN] MainUpdater:1194 - Updater busy. Cannot search thirdparties
2025-03-11 12:03:09,501 [INFO] ThirdPartyUpdaterWithRetryManager:96 - Updater plugin is busy. [6/15]
2025-03-11 12:03:09,903 [ERROR] ServerAccessManage:1089 - Problem, file not found on Server
2025-03-11 12:03:10,072 [ERROR] ServerAccessManage:1089 - Problem, file not found on Server
2025-03-11 12:03:10,493 [ERROR] ServerAccessManage:1089 - Problem, file not found on Server
2025-03-11 12:03:10,890 [ERROR] ServerAccessManage:1089 - Problem, file not found on Server
2025-03-11 12:03:11,293 [ERROR] ServerAccessManage:1089 - Problem, file not found on Server
2025-03-11 12:03:11,442 [ERROR] ServerAccessManage:1089 - Problem, file not found on Server
2025-03-11 12:03:11,854 [ERROR] ServerAccessManage:1089 - Problem, file not found on Server
2025-03-11 12:03:12,374 [INFO] ServerAccessManage:473 - Download File STMicroelectronics.X-CUBE-FREERTOS.pdsc
2025-03-11 12:03:12,505 [WARN] MainUpdater:1194 - Updater busy. Cannot search thirdparties
2025-03-11 12:03:12,505 [INFO] ThirdPartyUpdaterWithRetryManager:96 - Updater plugin is busy. [7/15]
2025-03-11 12:03:14,739 [INFO] ServerAccessManage:473 - Download File STMicroelectronics.X-CUBE-GNSS1.pdsc
2025-03-11 12:03:15,506 [WARN] MainUpdater:1194 - Updater busy. Cannot search thirdparties
2025-03-11 12:03:15,506 [INFO] ThirdPartyUpdaterWithRetryManager:96 - Updater plugin is busy. [8/15]
2025-03-11 12:03:18,507 [WARN] MainUpdater:1194 - Updater busy. Cannot search thirdparties
2025-03-11 12:03:18,507 [INFO] ThirdPartyUpdaterWithRetryManager:96 - Updater plugin is busy. [9/15]
2025-03-11 12:03:18,853 [ERROR] ServerAccessManage:1089 - Problem, file not found on Server
2025-03-11 12:03:19,261 [ERROR] ServerAccessManage:1089 - Problem, file not found on Server
2025-03-11 12:03:19,446 [ERROR] LogOutputStream:75 - [STDERR_REDIRECT] SLF4J: Failed to load class "org.slf4j.impl.StaticLoggerBinder".
2025-03-11 12:03:19,447 [ERROR] LogOutputStream:75 - [STDERR_REDIRECT] SLF4J: Defaulting to no-operation (NOP) logger implementation
2025-03-11 12:03:19,448 [ERROR] LogOutputStream:75 - [STDERR_REDIRECT] SLF4J: See http://www.slf4j.org/codes.html#StaticLoggerBinder for further details.
2025-03-11 12:03:19,671 [ERROR] ServerAccessManage:1089 - Problem, file not found on Server
2025-03-11 12:03:20,087 [ERROR] ServerAccessManage:1089 - Problem, file not found on Server
2025-03-11 12:03:20,551 [ERROR] ServerAccessManage:1089 - Problem, file not found on Server
2025-03-11 12:03:20,718 [ERROR] ServerAccessManage:1089 - Problem, file not found on Server
2025-03-11 12:03:21,215 [INFO] ServerAccessManage:473 - Download File STMicroelectronics.X-CUBE-ISPU.pdsc
2025-03-11 12:03:21,510 [WARN] MainUpdater:1194 - Updater busy. Cannot search thirdparties
2025-03-11 12:03:21,510 [INFO] ThirdPartyUpdaterWithRetryManager:96 - Updater plugin is busy. [10/15]
2025-03-11 12:03:23,192 [INFO] ServerAccessManage:473 - Download File STMicroelectronics.X-CUBE-IPS.pdsc
2025-03-11 12:03:24,511 [WARN] MainUpdater:1194 - Updater busy. Cannot search thirdparties
2025-03-11 12:03:24,512 [INFO] ThirdPartyUpdaterWithRetryManager:96 - Updater plugin is busy. [11/15]
2025-03-11 12:03:24,521 [INFO] ServerAccessManage:473 - Download File STMicroelectronics.X-CUBE-MEMS1.pdsc
2025-03-11 12:03:27,528 [WARN] MainUpdater:1194 - Updater busy. Cannot search thirdparties
2025-03-11 12:03:27,528 [INFO] ThirdPartyUpdaterWithRetryManager:96 - Updater plugin is busy. [12/15]
2025-03-11 12:03:30,537 [WARN] MainUpdater:1194 - Updater busy. Cannot search thirdparties
2025-03-11 12:03:30,537 [INFO] ThirdPartyUpdaterWithRetryManager:96 - Updater plugin is busy. [13/15]
2025-03-11 12:03:32,664 [INFO] ServerAccessManage:473 - Download File STMicroelectronics.X-CUBE-NFC6.pdsc
2025-03-11 12:03:33,547 [WARN] MainUpdater:1194 - Updater busy. Cannot search thirdparties
2025-03-11 12:03:33,547 [INFO] ThirdPartyUpdaterWithRetryManager:96 - Updater plugin is busy. [14/15]
2025-03-11 12:03:33,987 [INFO] ServerAccessManage:473 - Download File STMicroelectronics.X-CUBE-NFC9.pdsc
2025-03-11 12:03:34,919 [INFO] ServerAccessManage:473 - Download File STMicroelectronics.X-CUBE-NFC10.pdsc
2025-03-11 12:03:35,608 [INFO] ServerAccessManage:473 - Download File STMicroelectronics.X-CUBE-SAFEA1.pdsc
2025-03-11 12:03:36,558 [WARN] MainUpdater:1194 - Updater busy. Cannot search thirdparties
2025-03-11 12:03:36,558 [INFO] ThirdPartyUpdaterWithRetryManager:96 - Updater plugin is busy. [15/15]
2025-03-11 12:03:36,558 [ERROR] IntegrityCheckThread:130 - Cannot retrieve database content from updater: error -1
2025-03-11 12:03:36,558 [INFO] ThirdParty:978 - Integrity check success = false
2025-03-11 12:03:36,558 [INFO] IntegrityCheckThread:100 - exiting critical section [integrity check]
2025-03-11 12:03:36,560 [INFO] IntegrityCheckThread:103 - End integrity checks thread
2025-03-11 12:03:36,576 [INFO] ServerAccessManage:473 - Download File STMicroelectronics.X-CUBE-TCPP.pdsc
2025-03-11 12:03:37,678 [INFO] ServerAccessManage:473 - Download File STMicroelectronics.X-CUBE-TOF1.pdsc
2025-03-11 12:03:41,067 [ERROR] ServerAccessManage:1089 - Problem, file not found on Server
2025-03-11 12:03:41,592 [INFO] ServerAccessManage:473 - Download File STMicroelectronics.X-CUBE-TOUCHGFX.pdsc
2025-03-11 12:03:42,733 [ERROR] ExternalUserPreferencesManager:606 - Error while get path from external application: Cannot invoke "com.st.stm32cube.common.mx.MxActivator.getBundle()" because the return value of "com.st.stm32cube.common.mx.MxActivator.getDefault()" is null
2025-03-11 12:03:42,734 [ERROR] ExternalUserPreferencesManager:336 - Error while get preference info from external application: Cannot invoke "com.st.stm32cube.common.mx.MxActivator.getBundle()" because the return value of "com.st.stm32cube.common.mx.MxActivator.getDefault()" is null
2025-03-11 12:03:42,734 [ERROR] ExternalUserPreferencesManager:560 - Error while get preference info from external application: Cannot invoke "com.st.stm32cube.common.mx.MxActivator.getBundle()" because the return value of "com.st.stm32cube.common.mx.MxActivator.getDefault()" is null
2025-03-11 12:03:42,747 [ERROR] ExternalUserPreferencesManager:560 - Error while get preference info from external application: Cannot invoke "com.st.stm32cube.common.mx.MxActivator.getBundle()" because the return value of "com.st.stm32cube.common.mx.MxActivator.getDefault()" is null
2025-03-11 12:03:42,758 [ERROR] LogOutputStream:75 - [STDERR_REDIRECT] 
2025-03-11 12:03:42,764 [ERROR] ExternalUserPreferencesManager:560 - Error while get preference info from external application: Cannot invoke "com.st.stm32cube.common.mx.MxActivator.getBundle()" because the return value of "com.st.stm32cube.common.mx.MxActivator.getDefault()" is null
