2024-03-05 09:14:18,327 [INFO] Activator:176 - 


2024-03-05 09:14:18,335 [INFO] Activator:177 - !SESSION log4j initialized
2024-03-05 09:14:26,840 [INFO] LogOutputStream:77 - [STDOUT_REDIRECT] 
2024-03-05 09:14:28,665 [INFO] ApplicationProperties:184 - Using Application install path: C:\ST\STM32CubeIDE_1.14.1\STM32CubeIDE\plugins\com.st.stm32cube.common.mx_6.10.0.202311202037
2024-03-05 09:14:28,700 [INFO] DbMcusXml:78 - Set database path to: C:\ST\STM32CubeIDE_1.14.1\STM32CubeIDE\plugins\com.st.stm32cube.common.mx_6.10.0.202311202037\\db\/mcu/
2024-03-05 09:14:28,700 [INFO] ApiDb:274 - Set plugin database path to: C:\ST\STM32CubeIDE_1.14.1\STM32CubeIDE\plugins\com.st.stm32cube.common.mx_6.10.0.202311202037\\db\/plugins/boardmanager/
2024-03-05 09:14:28,701 [WARN] ApiDb:259 - Overriding images path with different value:  => C:\ST\STM32CubeIDE_1.14.1\STM32CubeIDE\plugins\com.st.stm32cube.common.mx_6.10.0.202311202037\\db\/plugins/mcufinder/images/
2024-03-05 09:14:28,717 [INFO] ApiDb:250 - Set database path to: C:\Users\siddh\.stmcufinder\plugins\mcufinder//mcu/
2024-03-05 09:14:28,719 [INFO] DbMcusAds:125 - Set database path to: C:\Users\siddh\.stmcufinder\plugins\mcufinder//mcu/
2024-03-05 09:14:28,723 [INFO] CrossReferenceDbSqlite:203 - Set database path to: C:\Users\siddh\.stmcufinder\plugins\mcufinder//mcu/cs/
2024-03-05 09:14:28,956 [INFO] RulesReader:64 - Compatibility file has been processed (297 Rules)
2024-03-05 09:14:29,128 [INFO] DbMcusXml:78 - Set database path to: C:\ST\STM32CubeIDE_1.14.1\STM32CubeIDE\plugins\com.st.stm32cube.common.mx_6.10.0.202311202037\\db\/mcu/
2024-03-05 09:14:29,129 [INFO] ApiDb:274 - Set plugin database path to: C:\ST\STM32CubeIDE_1.14.1\STM32CubeIDE\plugins\com.st.stm32cube.common.mx_6.10.0.202311202037\\db\/plugins/boardmanager/
2024-03-05 09:14:29,129 [INFO] ApiDb:261 - Set plugin images path to: C:\ST\STM32CubeIDE_1.14.1\STM32CubeIDE\plugins\com.st.stm32cube.common.mx_6.10.0.202311202037\\db\/plugins/mcufinder/images/
2024-03-05 09:14:29,129 [WARN] DbFile:41 - Overriding database path with different value: C:\Users\siddh\.stmcufinder\plugins\mcufinder/ => C:\Users\siddh\.stmcufinder\plugins\mcufinder
2024-03-05 09:14:29,130 [INFO] ApiDb:250 - Set database path to: C:\Users\siddh\.stmcufinder\plugins\mcufinder//mcu/
2024-03-05 09:14:29,130 [WARN] DbFile:41 - Overriding database path with different value: C:\Users\siddh\.stmcufinder\plugins\mcufinder/ => C:\Users\siddh\.stmcufinder\plugins\mcufinder
2024-03-05 09:14:29,130 [INFO] DbMcusAds:125 - Set database path to: C:\Users\siddh\.stmcufinder\plugins\mcufinder//mcu/
2024-03-05 09:14:29,130 [WARN] DbFile:41 - Overriding database path with different value: C:\Users\siddh\.stmcufinder\plugins\mcufinder/ => C:\Users\siddh\.stmcufinder\plugins\mcufinder
2024-03-05 09:14:29,130 [WARN] DbFile:41 - Overriding database path with different value: C:\Users\siddh\.stmcufinder\plugins\mcufinder/ => C:\Users\siddh\.stmcufinder\plugins\mcufinder
2024-03-05 09:14:29,130 [INFO] CrossReferenceDbSqlite:203 - Set database path to: C:\Users\siddh\.stmcufinder\plugins\mcufinder//mcu/cs/
2024-03-05 09:14:29,276 [INFO] MainPanel:264 - HeapMemory: 268435456
2024-03-05 09:14:29,467 [INFO] DbMcusXml:78 - Set database path to: C:\ST\STM32CubeIDE_1.14.1\STM32CubeIDE\plugins\com.st.stm32cube.common.mx_6.10.0.202311202037\\db\/mcu/
2024-03-05 09:14:29,467 [INFO] ApiDb:274 - Set plugin database path to: C:\ST\STM32CubeIDE_1.14.1\STM32CubeIDE\plugins\com.st.stm32cube.common.mx_6.10.0.202311202037\\db\/plugins/boardmanager/
2024-03-05 09:14:29,467 [INFO] ApiDb:261 - Set plugin images path to: C:\ST\STM32CubeIDE_1.14.1\STM32CubeIDE\plugins\com.st.stm32cube.common.mx_6.10.0.202311202037\\db\/plugins/mcufinder/images/
2024-03-05 09:14:29,468 [WARN] DbFile:41 - Overriding database path with different value: C:\Users\siddh\.stmcufinder\plugins\mcufinder/ => C:\Users\siddh\.stmcufinder\plugins\mcufinder
2024-03-05 09:14:29,468 [INFO] ApiDb:250 - Set database path to: C:\Users\siddh\.stmcufinder\plugins\mcufinder//mcu/
2024-03-05 09:14:29,468 [WARN] DbFile:41 - Overriding database path with different value: C:\Users\siddh\.stmcufinder\plugins\mcufinder/ => C:\Users\siddh\.stmcufinder\plugins\mcufinder
2024-03-05 09:14:29,469 [INFO] DbMcusAds:125 - Set database path to: C:\Users\siddh\.stmcufinder\plugins\mcufinder//mcu/
2024-03-05 09:14:29,469 [WARN] DbFile:41 - Overriding database path with different value: C:\Users\siddh\.stmcufinder\plugins\mcufinder/ => C:\Users\siddh\.stmcufinder\plugins\mcufinder
2024-03-05 09:14:29,469 [WARN] DbFile:41 - Overriding database path with different value: C:\Users\siddh\.stmcufinder\plugins\mcufinder/ => C:\Users\siddh\.stmcufinder\plugins\mcufinder
2024-03-05 09:14:29,469 [INFO] CrossReferenceDbSqlite:203 - Set database path to: C:\Users\siddh\.stmcufinder\plugins\mcufinder//mcu/cs/
2024-03-05 09:14:29,500 [INFO] ApplicationProperties:184 - Using Application install path: C:\ST\STM32CubeIDE_1.14.1\STM32CubeIDE\plugins\com.st.stm32cube.common.mx_6.10.0.202311202037
2024-03-05 09:14:29,503 [INFO] PluginManage:196 - Search for loadable plugins [exclusion list=, ]
2024-03-05 09:14:29,505 [INFO] PluginManage:310 - Check plugin analytics
2024-03-05 09:14:29,873 [INFO] AnalyticsPlugin:253 - Accepted Software Licenses: 
2024-03-05 09:14:29,873 [INFO] AnalyticsPlugin:255 - Accepted CMSIS Pack Licenses: 
2024-03-05 09:14:29,874 [INFO] AnalyticsPlugin:257 - Accepted Firmware Licenses: 
2024-03-05 09:14:29,879 [INFO] PluginManage:359 - Loaded plugin analytics (category:tool,tabindex:-1)
2024-03-05 09:14:29,880 [INFO] PluginManage:310 - Check plugin cadmodel
2024-03-05 09:14:29,904 [INFO] CADModel:105 - Init CAD model plugin
2024-03-05 09:14:29,905 [INFO] PluginManage:359 - Loaded plugin cadmodel (category:power,tabindex:5)
2024-03-05 09:14:29,905 [INFO] PluginManage:310 - Check plugin clock
2024-03-05 09:14:29,941 [INFO] PluginManage:359 - Loaded plugin clock (category:base,tabindex:2)
2024-03-05 09:14:29,941 [INFO] PluginManage:310 - Check plugin ddr
2024-03-05 09:14:29,945 [INFO] PluginManage:359 - Loaded plugin ddr (category:tool,tabindex:6)
2024-03-05 09:14:29,945 [INFO] PluginManage:310 - Check plugin filemanager
2024-03-05 09:14:30,166 [INFO] PluginManage:359 - Loaded plugin filemanager (category:base,tabindex:10)
2024-03-05 09:14:30,166 [INFO] PluginManage:310 - Check plugin ipmanager
2024-03-05 09:14:30,177 [INFO] PluginManage:359 - Loaded plugin ipmanager (category:base,tabindex:5)
2024-03-05 09:14:30,178 [INFO] PluginManage:310 - Check plugin lpbam
2024-03-05 09:14:30,204 [INFO] PluginManage:359 - Loaded plugin lpbam (category:base,tabindex:0)
2024-03-05 09:14:30,204 [INFO] PluginManage:310 - Check plugin memorymap
2024-03-05 09:14:30,238 [INFO] PluginManage:359 - Loaded plugin memorymap (category:base,tabindex:4)
2024-03-05 09:14:30,238 [INFO] PluginManage:310 - Check plugin pinoutandconfiguration
2024-03-05 09:14:30,260 [INFO] PluginManage:359 - Loaded plugin pinoutandconfiguration (category:base,tabindex:1)
2024-03-05 09:14:30,260 [INFO] PluginManage:310 - Check plugin pinoutconfig
2024-03-05 09:14:30,416 [WARN] SupportedApi:132 - Cannot load RTOS API schema: s4s-elt-must-match.1: The content of 'definitions' must match (annotation?, (simpleType | complexType)?, (unique | key | keyref)*)). A problem was found starting at: attribute.
2024-03-05 09:14:30,604 [INFO] PluginManage:359 - Loaded plugin pinoutconfig (category:base,tabindex:0)
2024-03-05 09:14:30,604 [INFO] PluginManage:310 - Check plugin power
2024-03-05 09:14:30,631 [INFO] PluginManage:359 - Loaded plugin power (category:power,tabindex:4)
2024-03-05 09:14:30,631 [INFO] PluginManage:310 - Check plugin projectmanager
2024-03-05 09:14:30,660 [INFO] PluginManage:359 - Loaded plugin projectmanager (category:projectmanager,tabindex:3)
2024-03-05 09:14:30,660 [INFO] PluginManage:310 - Check plugin thirdparty
2024-03-05 09:14:31,015 [INFO] PluginManage:359 - Loaded plugin thirdparty (category:base,tabindex:-1)
2024-03-05 09:14:31,015 [WARN] IntegrityCheckThread:84 - waiting for thirdparty lock release [integrity check]
2024-03-05 09:14:31,015 [INFO] PluginManage:310 - Check plugin tools
2024-03-05 09:14:31,016 [INFO] IntegrityCheckThread:86 - entering critical section [integrity check]
2024-03-05 09:14:31,017 [INFO] ThirdPartyUpdaterWithRetryManager:70 - Updater plugin not ready yet. [1/15]
2024-03-05 09:14:31,053 [INFO] PluginManage:359 - Loaded plugin tools (category:base,tabindex:7)
2024-03-05 09:14:31,053 [INFO] PluginManage:310 - Check plugin tutovideos
2024-03-05 09:14:31,328 [INFO] PluginManage:359 - Loaded plugin tutovideos (category:base,tabindex:-1)
2024-03-05 09:14:31,328 [INFO] PluginManage:310 - Check plugin updater
2024-03-05 09:14:31,352 [INFO] PluginManage:359 - Loaded plugin updater (category:base,tabindex:12)
2024-03-05 09:14:31,352 [INFO] PluginManage:310 - Check plugin userauth
2024-03-05 09:14:31,361 [INFO] UserAuth:114 - Init User Auth plugin
2024-03-05 09:14:31,362 [INFO] PluginManage:359 - Loaded plugin userauth (category:base,tabindex:14)
2024-03-05 09:14:31,362 [INFO] PluginManage:283 - PluginManage : Loaded plugins [17]
2024-03-05 09:14:31,672 [INFO] PinOutPanel:1499 - setPackage(No Configuration,No Configuration)
2024-03-05 09:14:31,770 [INFO] CADModel:165 - CPN selected for project level
2024-03-05 09:14:31,770 [INFO] CADModel:114 - Register for checkConnection events
2024-03-05 09:14:31,807 [INFO] IPUIPlugin:80 - create IPUIPlugin
2024-03-05 09:14:31,807 [INFO] PluginManager:220 - loadIPPluginJar : add adc
2024-03-05 09:14:31,848 [INFO] IPUIPlugin:80 - create IPUIPlugin
2024-03-05 09:14:31,849 [INFO] PluginManager:220 - loadIPPluginJar : add aes
2024-03-05 09:14:31,895 [INFO] IPUIPlugin:80 - create IPUIPlugin
2024-03-05 09:14:31,895 [INFO] PluginManager:220 - loadIPPluginJar : add can
2024-03-05 09:14:31,920 [INFO] IPUIPlugin:80 - create IPUIPlugin
2024-03-05 09:14:31,921 [INFO] PluginManager:220 - loadIPPluginJar : add comp
2024-03-05 09:14:31,959 [INFO] IPUIPlugin:80 - create IPUIPlugin
2024-03-05 09:14:31,959 [INFO] PluginManager:220 - loadIPPluginJar : add cryp
2024-03-05 09:14:31,992 [INFO] IPUIPlugin:80 - create IPUIPlugin
2024-03-05 09:14:31,992 [INFO] PluginManager:220 - loadIPPluginJar : add dfsdm
2024-03-05 09:14:32,010 [INFO] IPUIPlugin:80 - create IPUIPlugin
2024-03-05 09:14:32,010 [INFO] PluginManager:220 - loadIPPluginJar : add dma
2024-03-05 09:14:32,055 [INFO] IPUIPlugin:80 - create IPUIPlugin
2024-03-05 09:14:32,055 [INFO] PluginManager:220 - loadIPPluginJar : add dma3
2024-03-05 09:14:32,076 [INFO] IPUIPlugin:80 - create IPUIPlugin
2024-03-05 09:14:32,076 [INFO] PluginManager:220 - loadIPPluginJar : add fatfs
2024-03-05 09:14:32,124 [INFO] IPUIPlugin:80 - create IPUIPlugin
2024-03-05 09:14:32,124 [INFO] PluginManager:220 - loadIPPluginJar : add fmc
2024-03-05 09:14:32,144 [INFO] IPUIPlugin:80 - create IPUIPlugin
2024-03-05 09:14:32,145 [INFO] PluginManager:220 - loadIPPluginJar : add freertos
2024-03-05 09:14:32,167 [INFO] IPUIPlugin:80 - create IPUIPlugin
2024-03-05 09:14:32,167 [INFO] PluginManager:220 - loadIPPluginJar : add genericplugin
2024-03-05 09:14:32,383 [INFO] IPUIPlugin:80 - create IPUIPlugin
2024-03-05 09:14:32,383 [INFO] PluginManager:220 - loadIPPluginJar : add gfxmmu
2024-03-05 09:14:32,557 [INFO] IPUIPlugin:80 - create IPUIPlugin
2024-03-05 09:14:32,557 [INFO] PluginManager:220 - loadIPPluginJar : add gic
2024-03-05 09:14:32,573 [INFO] IPUIPlugin:80 - create IPUIPlugin
2024-03-05 09:14:32,574 [INFO] PluginManager:220 - loadIPPluginJar : add gpio
2024-03-05 09:14:32,672 [INFO] IPUIPlugin:80 - create IPUIPlugin
2024-03-05 09:14:32,672 [INFO] PluginManager:220 - loadIPPluginJar : add gtzc
2024-03-05 09:14:32,708 [INFO] IPUIPlugin:80 - create IPUIPlugin
2024-03-05 09:14:32,708 [INFO] PluginManager:220 - loadIPPluginJar : add hash
2024-03-05 09:14:32,767 [INFO] IPUIPlugin:80 - create IPUIPlugin
2024-03-05 09:14:32,767 [INFO] PluginManager:220 - loadIPPluginJar : add i2c
2024-03-05 09:14:32,810 [INFO] IPUIPlugin:80 - create IPUIPlugin
2024-03-05 09:14:32,811 [INFO] PluginManager:220 - loadIPPluginJar : add i2s
2024-03-05 09:14:32,872 [INFO] IPUIPlugin:80 - create IPUIPlugin
2024-03-05 09:14:32,872 [INFO] PluginManager:220 - loadIPPluginJar : add i3c
2024-03-05 09:14:32,991 [INFO] IPUIPlugin:80 - create IPUIPlugin
2024-03-05 09:14:32,991 [INFO] PluginManager:220 - loadIPPluginJar : add ipddr
2024-03-05 09:14:33,089 [INFO] IPUIPlugin:80 - create IPUIPlugin
2024-03-05 09:14:33,089 [INFO] PluginManager:220 - loadIPPluginJar : add linkedlist
2024-03-05 09:14:33,130 [INFO] IPUIPlugin:80 - create IPUIPlugin
2024-03-05 09:14:33,131 [INFO] PluginManager:220 - loadIPPluginJar : add lorawan
2024-03-05 09:14:33,171 [INFO] IPUIPlugin:80 - create IPUIPlugin
2024-03-05 09:14:33,171 [INFO] PluginManager:220 - loadIPPluginJar : add ltdc
2024-03-05 09:14:33,199 [INFO] IPUIPlugin:80 - create IPUIPlugin
2024-03-05 09:14:33,199 [INFO] PluginManager:220 - loadIPPluginJar : add mdma
2024-03-05 09:14:33,217 [INFO] IPUIPlugin:80 - create IPUIPlugin
2024-03-05 09:14:33,218 [INFO] PluginManager:220 - loadIPPluginJar : add nvic
2024-03-05 09:14:33,261 [INFO] IPUIPlugin:80 - create IPUIPlugin
2024-03-05 09:14:33,261 [INFO] PluginManager:220 - loadIPPluginJar : add opamp
2024-03-05 09:14:33,330 [INFO] IPUIPlugin:80 - create IPUIPlugin
2024-03-05 09:14:33,330 [INFO] PluginManager:220 - loadIPPluginJar : add openamp
2024-03-05 09:14:33,383 [INFO] IPUIPlugin:80 - create IPUIPlugin
2024-03-05 09:14:33,383 [INFO] PluginManager:220 - loadIPPluginJar : add pdm2pcm
2024-03-05 09:14:33,400 [INFO] IPUIPlugin:80 - create IPUIPlugin
2024-03-05 09:14:33,402 [INFO] PluginManager:220 - loadIPPluginJar : add plateformsettings
2024-03-05 09:14:33,426 [INFO] IPUIPlugin:80 - create IPUIPlugin
2024-03-05 09:14:33,426 [INFO] PluginManager:220 - loadIPPluginJar : add quadspi
2024-03-05 09:14:33,443 [INFO] IPUIPlugin:80 - create IPUIPlugin
2024-03-05 09:14:33,443 [INFO] PluginManager:220 - loadIPPluginJar : add resmgrutility
2024-03-05 09:14:33,496 [INFO] IPUIPlugin:80 - create IPUIPlugin
2024-03-05 09:14:33,496 [INFO] PluginManager:220 - loadIPPluginJar : add sai
2024-03-05 09:14:33,536 [INFO] IPUIPlugin:80 - create IPUIPlugin
2024-03-05 09:14:33,536 [INFO] PluginManager:220 - loadIPPluginJar : add spi
2024-03-05 09:14:33,611 [INFO] IPUIPlugin:80 - create IPUIPlugin
2024-03-05 09:14:33,612 [INFO] PluginManager:220 - loadIPPluginJar : add stm32_wpan
2024-03-05 09:14:33,638 [INFO] IPUIPlugin:80 - create IPUIPlugin
2024-03-05 09:14:33,639 [INFO] PluginManager:220 - loadIPPluginJar : add tim
2024-03-05 09:14:33,707 [INFO] IPUIPlugin:80 - create IPUIPlugin
2024-03-05 09:14:33,707 [INFO] PluginManager:220 - loadIPPluginJar : add touchsensing
2024-03-05 09:14:33,739 [INFO] IPUIPlugin:80 - create IPUIPlugin
2024-03-05 09:14:33,739 [INFO] PluginManager:220 - loadIPPluginJar : add tracer_emb
2024-03-05 09:14:33,769 [INFO] IPUIPlugin:80 - create IPUIPlugin
2024-03-05 09:14:33,769 [INFO] PluginManager:220 - loadIPPluginJar : add ts
2024-03-05 09:14:33,834 [INFO] IPUIPlugin:80 - create IPUIPlugin
2024-03-05 09:14:33,835 [INFO] PluginManager:220 - loadIPPluginJar : add tsc
2024-03-05 09:14:33,874 [INFO] IPUIPlugin:80 - create IPUIPlugin
2024-03-05 09:14:33,874 [INFO] PluginManager:220 - loadIPPluginJar : add ucpd
2024-03-05 09:14:33,943 [INFO] IPUIPlugin:80 - create IPUIPlugin
2024-03-05 09:14:33,943 [INFO] PluginManager:220 - loadIPPluginJar : add usart
2024-03-05 09:14:34,008 [INFO] IPUIPlugin:80 - create IPUIPlugin
2024-03-05 09:14:34,008 [INFO] PluginManager:220 - loadIPPluginJar : add usbx
2024-03-05 09:14:34,017 [INFO] ThirdPartyUpdaterWithRetryManager:70 - Updater plugin not ready yet. [2/15]
2024-03-05 09:14:34,184 [INFO] CADModel:165 - CPN selected for project level
2024-03-05 09:14:34,185 [INFO] CADModel:114 - Register for checkConnection events
2024-03-05 09:14:34,185 [FATAL] Updater:308 - Updater called before beeing initialized
2024-03-05 09:14:34,185 [ERROR] CADModel:125 - Updater not yet initialized, retry later 
2024-03-05 09:14:34,419 [INFO] CADModel:165 - CPN selected for project level
2024-03-05 09:14:34,419 [INFO] CADModel:114 - Register for checkConnection events
2024-03-05 09:14:34,419 [FATAL] Updater:308 - Updater called before beeing initialized
2024-03-05 09:14:34,419 [ERROR] CADModel:125 - Updater not yet initialized, retry later 
2024-03-05 09:14:34,424 [FATAL] Updater:308 - Updater called before beeing initialized
2024-03-05 09:14:34,587 [FATAL] Updater:308 - Updater called before beeing initialized
2024-03-05 09:14:34,601 [INFO] DbMcusAds:53 - JSON generation date=Wed Nov 29 16:22:27 IST 2023 (1701255147349)
2024-03-05 09:14:34,601 [FATAL] Updater:308 - Updater called before beeing initialized
2024-03-05 09:14:34,705 [WARN] DetailPanel:346 - Failed to get advertising image, set to default
2024-03-05 09:14:34,877 [FATAL] Updater:308 - Updater called before beeing initialized
2024-03-05 09:14:34,879 [FATAL] Updater:308 - Updater called before beeing initialized
2024-03-05 09:14:34,879 [FATAL] Updater:308 - Updater called before beeing initialized
2024-03-05 09:14:34,879 [WARN] DetailPanel:346 - Failed to get advertising image, set to default
2024-03-05 09:14:34,880 [FATAL] Updater:308 - Updater called before beeing initialized
2024-03-05 09:14:34,980 [ERROR] Updater:1120 - MainUpdater not yet initialized. External WinMGr cannot be set.
2024-03-05 09:14:34,992 [INFO] Updater:1056 - Updater Version found : 6.10.0
2024-03-05 09:14:35,018 [INFO] ApplicationProperties:184 - Using Application install path: C:\ST\STM32CubeIDE_1.14.1\STM32CubeIDE\plugins\com.st.stm32cube.common.mx_6.10.0.202311202037
2024-03-05 09:14:36,624 [ERROR] LogOutputStream:75 - [STDERR_REDIRECT] Mar 05, 2024 9:14:36 AM java.util.prefs.WindowsPreferences <init>
2024-03-05 09:14:36,626 [ERROR] LogOutputStream:75 - [STDERR_REDIRECT] WARNING: Could not open/create prefs root node Software\JavaSoft\Prefs at root 0xffffffff80000002. Windows RegCreateKeyEx(...) returned error code 5.
2024-03-05 09:14:36,629 [ERROR] LogOutputStream:75 - [STDERR_REDIRECT] 
2024-03-05 09:14:37,018 [INFO] ThirdPartyUpdaterWithRetryManager:70 - Updater plugin not ready yet. [3/15]
2024-03-05 09:14:37,075 [INFO] MainUpdater:2873 - connection check result : 10
2024-03-05 09:14:37,076 [INFO] MainUpdater:290 - Updater Check For Update Now.
2024-03-05 09:14:37,076 [INFO] MicroXplorer:498 - Change Database Version : DB.6.0.100
2024-03-05 09:14:37,108 [INFO] McuFinderGlobals:63 - Set McuFinder mode to 2 (CubeIDE integrated)
2024-03-05 09:14:37,108 [INFO] UserAuth:180 - activating auth plugin
2024-03-05 09:14:37,114 [INFO] UserAuth:404 - Internet connection configuration mode: 1
2024-03-05 09:14:37,181 [INFO] JxBrowserEngine:152 - Initiate JxBrowser Engine with user profile folder
2024-03-05 09:14:37,347 [INFO] CheckServerUpdateThread:120 - End of CheckServer Thread
2024-03-05 09:14:40,431 [WARN] PackLoader:240 - Cannot read IP mode file for STMicroelectronics.X-CUBE-SMBUS.2.1.0
2024-03-05 09:14:40,483 [WARN] PackLoader:240 - Cannot read IP mode file for STMicroelectronics.X-CUBE-TOUCHGFX.4.23.0
2024-03-05 09:14:40,601 [WARN] PackLoader:240 - Cannot read IP mode file for STMicroelectronics.X-CUBE-AZRTOS-F7.1.1.0
2024-03-05 09:14:40,634 [WARN] PackLoader:240 - Cannot read IP mode file for STMicroelectronics.FP-SNS-MOTENV1.4.3.2
2024-03-05 09:14:40,661 [WARN] PackLoader:240 - Cannot read IP mode file for STMicroelectronics.FP-SNS-FLIGHT1.5.0.2
2024-03-05 09:14:40,697 [WARN] PackLoader:240 - Cannot read IP mode file for STMicroelectronics.X-CUBE-DISPLAY.3.0.0
2024-03-05 09:14:40,741 [WARN] PackLoader:240 - Cannot read IP mode file for STMicroelectronics.X-CUBE-BLE1.7.0.0
2024-03-05 09:14:40,763 [WARN] PackLoader:240 - Cannot read IP mode file for emotas.I-CUBE-CANOPEN.1.3.0
2024-03-05 09:14:40,793 [WARN] PackLoader:240 - Cannot read IP mode file for STMicroelectronics.X-CUBE-BLEMGR.3.1.0
2024-03-05 09:14:40,825 [WARN] PackLoader:240 - Cannot read IP mode file for STMicroelectronics.FP-SNS-SMARTAG2.1.2.0
2024-03-05 09:14:40,864 [INFO] LogOutputStream:77 - [STDOUT_REDIRECT] 1 : Invalid condition id : UX_CORESTACK_Condition cause : null
2024-03-05 09:14:40,865 [INFO] LogOutputStream:77 - [STDOUT_REDIRECT] 1 : Invalid condition id : UX_CORESTACK_Condition cause : null
2024-03-05 09:14:40,867 [INFO] LogOutputStream:77 - [STDOUT_REDIRECT] 1 : Invalid condition id : UX_CORESTACK_Condition cause : null
2024-03-05 09:14:40,870 [INFO] LogOutputStream:77 - [STDOUT_REDIRECT] 1 : Invalid condition id : UX_CORESTACK_Condition cause : null
2024-03-05 09:14:40,872 [INFO] LogOutputStream:77 - [STDOUT_REDIRECT] 1 : Invalid condition id : UX_CORESTACK_Condition cause : null
2024-03-05 09:14:40,881 [WARN] PackLoader:240 - Cannot read IP mode file for STMicroelectronics.X-CUBE-AZRTOS-WL.2.0.0
2024-03-05 09:14:40,914 [WARN] PackLoader:240 - Cannot read IP mode file for WES.I-CUBE-Cesium.1.3.0
2024-03-05 09:14:40,940 [WARN] PackLoader:240 - Cannot read IP mode file for STMicroelectronics.X-CUBE-BLE2.3.3.0
2024-03-05 09:14:40,960 [WARN] PackLoader:240 - Cannot read IP mode file for STMicroelectronics.X-CUBE-ALGOBUILD.1.3.0
2024-03-05 09:14:40,997 [WARN] PackLoader:240 - Cannot read IP mode file for STMicroelectronics.X-CUBE-AZRTOS-G0.1.1.0
2024-03-05 09:14:41,014 [INFO] WebApp:161 - Instantiating new browser for Auth
2024-03-05 09:14:41,019 [WARN] PackLoader:240 - Cannot read IP mode file for STMicroelectronics.X-CUBE-NFC4.3.0.0
2024-03-05 09:14:41,042 [WARN] PackLoader:240 - Cannot read IP mode file for STMicroelectronics.FP-ATR-SIGFOX1.3.2.0
2024-03-05 09:14:41,076 [WARN] PackLoader:240 - Cannot read IP mode file for STMicroelectronics.X-CUBE-EEPRMA1.5.1.0
2024-03-05 09:14:41,149 [WARN] PackLoader:240 - Cannot read IP mode file for SEGGER.I-CUBE-embOS.1.3.1
2024-03-05 09:14:41,226 [WARN] PackLoader:240 - Cannot read IP mode file for STMicroelectronics.X-CUBE-GNSS1.6.0.0
2024-03-05 09:14:41,279 [WARN] PackLoader:240 - Cannot read IP mode file for STMicroelectronics.X-CUBE-AZRTOS-F4.1.1.0
2024-03-05 09:14:41,307 [WARN] PackLoader:240 - Cannot read IP mode file for wolfSSL.I-CUBE-wolfSSL.5.6.6
2024-03-05 09:14:41,352 [WARN] PackLoader:240 - Cannot read IP mode file for STMicroelectronics.X-CUBE-AZRTOS-L5.2.0.0
2024-03-05 09:14:41,377 [WARN] PackLoader:240 - Cannot read IP mode file for ITTIA_DB.I-CUBE-ITTIADB.8.8.0
2024-03-05 09:14:41,395 [WARN] PackLoader:240 - Cannot read IP mode file for STMicroelectronics.X-CUBE-NFC7.1.0.1
2024-03-05 09:14:41,417 [WARN] PackLoader:240 - Cannot read IP mode file for STMicroelectronics.X-CUBE-NFC6.3.0.0
2024-03-05 09:14:41,437 [WARN] PackLoader:240 - Cannot read IP mode file for STMicroelectronics.X-CUBE-AI.8.1.0
2024-03-05 09:14:41,475 [WARN] ConditionMgr:438 - getConditionDescription Invalid condition id : LAN8742 Phy interface Condition cause : null
2024-03-05 09:14:41,477 [WARN] PackLoader:240 - Cannot read IP mode file for STMicroelectronics.X-CUBE-AZRTOS-L4.2.0.0
2024-03-05 09:14:41,479 [WARN] ConditionMgr:1039 - genDependencies : Invalid condition id : LAN8742 Phy interface Condition cause : null
2024-03-05 09:14:41,480 [WARN] ConditionMgr:1039 - genDependencies : Invalid condition id : LAN8742 Phy interface Condition cause : null
2024-03-05 09:14:41,481 [WARN] ConditionMgr:1039 - genDependencies : Invalid condition id : LAN8742 Phy interface Condition cause : null
2024-03-05 09:14:41,505 [WARN] PackLoader:240 - Cannot read IP mode file for STMicroelectronics.X-CUBE-SFXS2LP1.4.0.0
2024-03-05 09:14:41,544 [WARN] ConditionMgr:438 - getConditionDescription Invalid condition id : UX DEVICE CLASS RTOS Condition cause : null
2024-03-05 09:14:41,545 [WARN] ConditionMgr:438 - getConditionDescription Invalid condition id : UX DEVICE CLASS RTOS Condition cause : null
2024-03-05 09:14:41,548 [WARN] PackLoader:240 - Cannot read IP mode file for STMicroelectronics.X-CUBE-AZRTOS-WB.2.0.0
2024-03-05 09:14:41,549 [WARN] ConditionMgr:1039 - genDependencies : Invalid condition id : UX DEVICE CLASS RTOS Condition cause : null
2024-03-05 09:14:41,549 [WARN] ConditionMgr:1039 - genDependencies : Invalid condition id : UX DEVICE CLASS RTOS Condition cause : null
2024-03-05 09:14:41,550 [WARN] ConditionMgr:1039 - genDependencies : Invalid condition id : UX DEVICE CLASS RTOS Condition cause : null
2024-03-05 09:14:41,550 [WARN] ConditionMgr:1039 - genDependencies : Invalid condition id : UX DEVICE CLASS RTOS Condition cause : null
2024-03-05 09:14:41,550 [WARN] ConditionMgr:1039 - genDependencies : Invalid condition id : UX DEVICE CLASS RTOS Condition cause : null
2024-03-05 09:14:41,582 [WARN] PackLoader:240 - Cannot read IP mode file for STMicroelectronics.X-CUBE-SUBG2.5.0.0
2024-03-05 09:14:41,639 [WARN] PackLoader:240 - Cannot read IP mode file for STMicroelectronics.X-CUBE-AZRTOS-G4.2.0.0
2024-03-05 09:14:41,680 [WARN] PackLoader:240 - Cannot read IP mode file for Infineon.AIROC-Wi-Fi-Bluetooth-STM32.1.5.1
2024-03-05 09:14:41,710 [WARN] PackLoader:240 - Cannot read IP mode file for STMicroelectronics.FP-SNS-MOTENVWB1.1.3.1
2024-03-05 09:14:41,731 [WARN] PackLoader:240 - Cannot read IP mode file for STMicroelectronics.X-CUBE-ISPU.2.0.0
2024-03-05 09:14:41,801 [WARN] PackLoader:240 - Cannot read IP mode file for STMicroelectronics.X-CUBE-MEMS1.10.0.0
2024-03-05 09:14:41,959 [WARN] PackLoader:240 - Cannot read IP mode file for STMicroelectronics.X-CUBE-FREERTOS.1.1.0
2024-03-05 09:14:41,993 [WARN] PackLoader:240 - Cannot read IP mode file for portGmbH.I-Cube-SoM-uGOAL.1.1.0
2024-03-05 09:14:42,022 [WARN] PackLoader:240 - Cannot read IP mode file for STMicroelectronics.X-CUBE-ALS.1.0.1
2024-03-05 09:14:42,045 [WARN] PackLoader:240 - Cannot read IP mode file for STMicroelectronics.FP-ATR-ASTRA1.2.0.0
2024-03-05 09:14:42,079 [WARN] PackLoader:240 - Cannot read IP mode file for STMicroelectronics.X-CUBE-TOF1.3.4.0
2024-03-05 09:14:42,153 [WARN] PackLoader:240 - Cannot read IP mode file for STMicroelectronics.X-CUBE-AZRTOS-H7.3.2.0
2024-03-05 09:14:42,159 [INFO] ThirdParty:978 - Integrity check success = true
2024-03-05 09:14:42,159 [INFO] IntegrityCheckThread:100 - exiting critical section [integrity check]
2024-03-05 09:14:42,159 [INFO] IntegrityCheckThread:103 - End integrity checks thread
2024-03-05 09:14:42,515 [INFO] WebApp:780 - Register for checkConnection events
2024-03-05 09:14:42,516 [INFO] WebApp:414 - Apply proxy settings
2024-03-05 09:14:42,516 [INFO] WebApp:499 - Chromium requires no authentication
2024-03-05 09:14:42,533 [INFO] WebApp:442 - Direct internet connection detected
2024-03-05 09:14:42,818 [INFO] WebApp:192 - Starting web application
2024-03-05 09:14:42,819 [INFO] WebApp:544 - Web application path used C:\ST\STM32CubeIDE_1.14.1\STM32CubeIDE\plugins\com.st.stm32cube.common.mx_6.10.0.202311202037\db\plugins\mcufinder\reactClient1\index.html
2024-03-05 09:15:04,122 [ERROR] LogOutputStream:75 - [STDERR_REDIRECT] SLF4J: Failed to load class "org.slf4j.impl.StaticLoggerBinder".
2024-03-05 09:15:04,123 [ERROR] LogOutputStream:75 - [STDERR_REDIRECT] SLF4J: Defaulting to no-operation (NOP) logger implementation
2024-03-05 09:15:04,124 [ERROR] LogOutputStream:75 - [STDERR_REDIRECT] SLF4J: See http://www.slf4j.org/codes.html#StaticLoggerBinder for further details.
