2024-03-03 14:34:12,816 [INFO] Activator:176 - 


2024-03-03 14:34:12,819 [INFO] Activator:177 - !SESSION log4j initialized
2024-03-03 14:34:15,691 [INFO] LogOutputStream:77 - [STDOUT_REDIRECT] 
2024-03-03 14:34:20,296 [INFO] ApplicationProperties:184 - Using Application install path: C:\ST\STM32CubeIDE_1.14.1\STM32CubeIDE\plugins\com.st.stm32cube.common.mx_6.10.0.202311202037
2024-03-03 14:34:20,335 [INFO] DbMcusXml:78 - Set database path to: C:\ST\STM32CubeIDE_1.14.1\STM32CubeIDE\plugins\com.st.stm32cube.common.mx_6.10.0.202311202037\\db\/mcu/
2024-03-03 14:34:20,338 [INFO] ApiDb:274 - Set plugin database path to: C:\ST\STM32CubeIDE_1.14.1\STM32CubeIDE\plugins\com.st.stm32cube.common.mx_6.10.0.202311202037\\db\/plugins/boardmanager/
2024-03-03 14:34:20,349 [WARN] ApiDb:259 - Overriding images path with different value:  => C:\ST\STM32CubeIDE_1.14.1\STM32CubeIDE\plugins\com.st.stm32cube.common.mx_6.10.0.202311202037\\db\/plugins/mcufinder/images/
2024-03-03 14:34:20,358 [INFO] ApiDb:250 - Set database path to: C:\Users\siddh\.stmcufinder\plugins\mcufinder//mcu/
2024-03-03 14:34:20,360 [INFO] DbMcusAds:125 - Set database path to: C:\Users\siddh\.stmcufinder\plugins\mcufinder//mcu/
2024-03-03 14:34:20,365 [INFO] CrossReferenceDbSqlite:203 - Set database path to: C:\Users\siddh\.stmcufinder\plugins\mcufinder//mcu/cs/
2024-03-03 14:34:20,579 [INFO] RulesReader:64 - Compatibility file has been processed (297 Rules)
2024-03-03 14:34:20,722 [INFO] DbMcusXml:78 - Set database path to: C:\ST\STM32CubeIDE_1.14.1\STM32CubeIDE\plugins\com.st.stm32cube.common.mx_6.10.0.202311202037\\db\/mcu/
2024-03-03 14:34:20,722 [INFO] ApiDb:274 - Set plugin database path to: C:\ST\STM32CubeIDE_1.14.1\STM32CubeIDE\plugins\com.st.stm32cube.common.mx_6.10.0.202311202037\\db\/plugins/boardmanager/
2024-03-03 14:34:20,722 [INFO] ApiDb:261 - Set plugin images path to: C:\ST\STM32CubeIDE_1.14.1\STM32CubeIDE\plugins\com.st.stm32cube.common.mx_6.10.0.202311202037\\db\/plugins/mcufinder/images/
2024-03-03 14:34:20,723 [WARN] DbFile:41 - Overriding database path with different value: C:\Users\siddh\.stmcufinder\plugins\mcufinder/ => C:\Users\siddh\.stmcufinder\plugins\mcufinder
2024-03-03 14:34:20,723 [INFO] ApiDb:250 - Set database path to: C:\Users\siddh\.stmcufinder\plugins\mcufinder//mcu/
2024-03-03 14:34:20,723 [WARN] DbFile:41 - Overriding database path with different value: C:\Users\siddh\.stmcufinder\plugins\mcufinder/ => C:\Users\siddh\.stmcufinder\plugins\mcufinder
2024-03-03 14:34:20,723 [INFO] DbMcusAds:125 - Set database path to: C:\Users\siddh\.stmcufinder\plugins\mcufinder//mcu/
2024-03-03 14:34:20,723 [WARN] DbFile:41 - Overriding database path with different value: C:\Users\siddh\.stmcufinder\plugins\mcufinder/ => C:\Users\siddh\.stmcufinder\plugins\mcufinder
2024-03-03 14:34:20,723 [WARN] DbFile:41 - Overriding database path with different value: C:\Users\siddh\.stmcufinder\plugins\mcufinder/ => C:\Users\siddh\.stmcufinder\plugins\mcufinder
2024-03-03 14:34:20,723 [INFO] CrossReferenceDbSqlite:203 - Set database path to: C:\Users\siddh\.stmcufinder\plugins\mcufinder//mcu/cs/
2024-03-03 14:34:20,825 [INFO] MainPanel:264 - HeapMemory: 268435456
2024-03-03 14:34:20,908 [INFO] DbMcusXml:78 - Set database path to: C:\ST\STM32CubeIDE_1.14.1\STM32CubeIDE\plugins\com.st.stm32cube.common.mx_6.10.0.202311202037\\db\/mcu/
2024-03-03 14:34:20,909 [INFO] ApiDb:274 - Set plugin database path to: C:\ST\STM32CubeIDE_1.14.1\STM32CubeIDE\plugins\com.st.stm32cube.common.mx_6.10.0.202311202037\\db\/plugins/boardmanager/
2024-03-03 14:34:20,909 [INFO] ApiDb:261 - Set plugin images path to: C:\ST\STM32CubeIDE_1.14.1\STM32CubeIDE\plugins\com.st.stm32cube.common.mx_6.10.0.202311202037\\db\/plugins/mcufinder/images/
2024-03-03 14:34:20,909 [WARN] DbFile:41 - Overriding database path with different value: C:\Users\siddh\.stmcufinder\plugins\mcufinder/ => C:\Users\siddh\.stmcufinder\plugins\mcufinder
2024-03-03 14:34:20,910 [INFO] ApiDb:250 - Set database path to: C:\Users\siddh\.stmcufinder\plugins\mcufinder//mcu/
2024-03-03 14:34:20,910 [WARN] DbFile:41 - Overriding database path with different value: C:\Users\siddh\.stmcufinder\plugins\mcufinder/ => C:\Users\siddh\.stmcufinder\plugins\mcufinder
2024-03-03 14:34:20,910 [INFO] DbMcusAds:125 - Set database path to: C:\Users\siddh\.stmcufinder\plugins\mcufinder//mcu/
2024-03-03 14:34:20,910 [WARN] DbFile:41 - Overriding database path with different value: C:\Users\siddh\.stmcufinder\plugins\mcufinder/ => C:\Users\siddh\.stmcufinder\plugins\mcufinder
2024-03-03 14:34:20,910 [WARN] DbFile:41 - Overriding database path with different value: C:\Users\siddh\.stmcufinder\plugins\mcufinder/ => C:\Users\siddh\.stmcufinder\plugins\mcufinder
2024-03-03 14:34:20,910 [INFO] CrossReferenceDbSqlite:203 - Set database path to: C:\Users\siddh\.stmcufinder\plugins\mcufinder//mcu/cs/
2024-03-03 14:34:20,945 [INFO] ApplicationProperties:184 - Using Application install path: C:\ST\STM32CubeIDE_1.14.1\STM32CubeIDE\plugins\com.st.stm32cube.common.mx_6.10.0.202311202037
2024-03-03 14:34:20,947 [INFO] PluginManage:196 - Search for loadable plugins [exclusion list=, ]
2024-03-03 14:34:20,948 [INFO] PluginManage:310 - Check plugin analytics
2024-03-03 14:34:21,242 [INFO] AnalyticsPlugin:253 - Accepted Software Licenses: 
2024-03-03 14:34:21,243 [INFO] AnalyticsPlugin:255 - Accepted CMSIS Pack Licenses: 
2024-03-03 14:34:21,243 [INFO] AnalyticsPlugin:257 - Accepted Firmware Licenses: 
2024-03-03 14:34:21,247 [INFO] PluginManage:359 - Loaded plugin analytics (category:tool,tabindex:-1)
2024-03-03 14:34:21,247 [INFO] PluginManage:310 - Check plugin cadmodel
2024-03-03 14:34:21,254 [INFO] CADModel:105 - Init CAD model plugin
2024-03-03 14:34:21,254 [INFO] PluginManage:359 - Loaded plugin cadmodel (category:power,tabindex:5)
2024-03-03 14:34:21,254 [INFO] PluginManage:310 - Check plugin clock
2024-03-03 14:34:21,265 [INFO] PluginManage:359 - Loaded plugin clock (category:base,tabindex:2)
2024-03-03 14:34:21,265 [INFO] PluginManage:310 - Check plugin ddr
2024-03-03 14:34:21,267 [INFO] PluginManage:359 - Loaded plugin ddr (category:tool,tabindex:6)
2024-03-03 14:34:21,268 [INFO] PluginManage:310 - Check plugin filemanager
2024-03-03 14:34:21,477 [INFO] PluginManage:359 - Loaded plugin filemanager (category:base,tabindex:10)
2024-03-03 14:34:21,477 [INFO] PluginManage:310 - Check plugin ipmanager
2024-03-03 14:34:21,486 [INFO] PluginManage:359 - Loaded plugin ipmanager (category:base,tabindex:5)
2024-03-03 14:34:21,487 [INFO] PluginManage:310 - Check plugin lpbam
2024-03-03 14:34:21,498 [INFO] PluginManage:359 - Loaded plugin lpbam (category:base,tabindex:0)
2024-03-03 14:34:21,498 [INFO] PluginManage:310 - Check plugin memorymap
2024-03-03 14:34:21,511 [INFO] PluginManage:359 - Loaded plugin memorymap (category:base,tabindex:4)
2024-03-03 14:34:21,512 [INFO] PluginManage:310 - Check plugin pinoutandconfiguration
2024-03-03 14:34:21,518 [INFO] PluginManage:359 - Loaded plugin pinoutandconfiguration (category:base,tabindex:1)
2024-03-03 14:34:21,520 [INFO] PluginManage:310 - Check plugin pinoutconfig
2024-03-03 14:34:21,724 [WARN] SupportedApi:132 - Cannot load RTOS API schema: s4s-elt-must-match.1: The content of 'definitions' must match (annotation?, (simpleType | complexType)?, (unique | key | keyref)*)). A problem was found starting at: attribute.
2024-03-03 14:34:21,907 [INFO] PluginManage:359 - Loaded plugin pinoutconfig (category:base,tabindex:0)
2024-03-03 14:34:21,907 [INFO] PluginManage:310 - Check plugin power
2024-03-03 14:34:21,920 [INFO] PluginManage:359 - Loaded plugin power (category:power,tabindex:4)
2024-03-03 14:34:21,920 [INFO] PluginManage:310 - Check plugin projectmanager
2024-03-03 14:34:21,947 [INFO] PluginManage:359 - Loaded plugin projectmanager (category:projectmanager,tabindex:3)
2024-03-03 14:34:21,947 [INFO] PluginManage:310 - Check plugin thirdparty
2024-03-03 14:34:22,114 [INFO] PluginManage:359 - Loaded plugin thirdparty (category:base,tabindex:-1)
2024-03-03 14:34:22,114 [INFO] PluginManage:310 - Check plugin tools
2024-03-03 14:34:22,114 [WARN] IntegrityCheckThread:84 - waiting for thirdparty lock release [integrity check]
2024-03-03 14:34:22,116 [INFO] IntegrityCheckThread:86 - entering critical section [integrity check]
2024-03-03 14:34:22,117 [INFO] ThirdPartyUpdaterWithRetryManager:70 - Updater plugin not ready yet. [1/15]
2024-03-03 14:34:22,118 [INFO] PluginManage:359 - Loaded plugin tools (category:base,tabindex:7)
2024-03-03 14:34:22,118 [INFO] PluginManage:310 - Check plugin tutovideos
2024-03-03 14:34:22,313 [INFO] PluginManage:359 - Loaded plugin tutovideos (category:base,tabindex:-1)
2024-03-03 14:34:22,313 [INFO] PluginManage:310 - Check plugin updater
2024-03-03 14:34:22,331 [INFO] PluginManage:359 - Loaded plugin updater (category:base,tabindex:12)
2024-03-03 14:34:22,331 [INFO] PluginManage:310 - Check plugin userauth
2024-03-03 14:34:22,338 [INFO] UserAuth:114 - Init User Auth plugin
2024-03-03 14:34:22,339 [INFO] PluginManage:359 - Loaded plugin userauth (category:base,tabindex:14)
2024-03-03 14:34:22,339 [INFO] PluginManage:283 - PluginManage : Loaded plugins [17]
2024-03-03 14:34:22,631 [INFO] PinOutPanel:1499 - setPackage(No Configuration,No Configuration)
2024-03-03 14:34:22,746 [INFO] CADModel:165 - CPN selected for project level
2024-03-03 14:34:22,746 [INFO] CADModel:114 - Register for checkConnection events
2024-03-03 14:34:22,768 [INFO] IPUIPlugin:80 - create IPUIPlugin
2024-03-03 14:34:22,768 [INFO] PluginManager:220 - loadIPPluginJar : add adc
2024-03-03 14:34:22,771 [INFO] IPUIPlugin:80 - create IPUIPlugin
2024-03-03 14:34:22,771 [INFO] PluginManager:220 - loadIPPluginJar : add aes
2024-03-03 14:34:22,774 [INFO] IPUIPlugin:80 - create IPUIPlugin
2024-03-03 14:34:22,774 [INFO] PluginManager:220 - loadIPPluginJar : add can
2024-03-03 14:34:22,776 [INFO] IPUIPlugin:80 - create IPUIPlugin
2024-03-03 14:34:22,777 [INFO] PluginManager:220 - loadIPPluginJar : add comp
2024-03-03 14:34:22,781 [INFO] IPUIPlugin:80 - create IPUIPlugin
2024-03-03 14:34:22,782 [INFO] PluginManager:220 - loadIPPluginJar : add cryp
2024-03-03 14:34:22,784 [INFO] IPUIPlugin:80 - create IPUIPlugin
2024-03-03 14:34:22,785 [INFO] PluginManager:220 - loadIPPluginJar : add dfsdm
2024-03-03 14:34:22,793 [INFO] IPUIPlugin:80 - create IPUIPlugin
2024-03-03 14:34:22,794 [INFO] PluginManager:220 - loadIPPluginJar : add dma
2024-03-03 14:34:22,798 [INFO] IPUIPlugin:80 - create IPUIPlugin
2024-03-03 14:34:22,798 [INFO] PluginManager:220 - loadIPPluginJar : add dma3
2024-03-03 14:34:22,800 [INFO] IPUIPlugin:80 - create IPUIPlugin
2024-03-03 14:34:22,801 [INFO] PluginManager:220 - loadIPPluginJar : add fatfs
2024-03-03 14:34:22,805 [INFO] IPUIPlugin:80 - create IPUIPlugin
2024-03-03 14:34:22,806 [INFO] PluginManager:220 - loadIPPluginJar : add fmc
2024-03-03 14:34:22,812 [INFO] IPUIPlugin:80 - create IPUIPlugin
2024-03-03 14:34:22,812 [INFO] PluginManager:220 - loadIPPluginJar : add freertos
2024-03-03 14:34:22,813 [INFO] IPUIPlugin:80 - create IPUIPlugin
2024-03-03 14:34:22,814 [INFO] PluginManager:220 - loadIPPluginJar : add genericplugin
2024-03-03 14:34:22,817 [INFO] IPUIPlugin:80 - create IPUIPlugin
2024-03-03 14:34:22,817 [INFO] PluginManager:220 - loadIPPluginJar : add gfxmmu
2024-03-03 14:34:22,825 [INFO] IPUIPlugin:80 - create IPUIPlugin
2024-03-03 14:34:22,825 [INFO] PluginManager:220 - loadIPPluginJar : add gic
2024-03-03 14:34:22,831 [INFO] IPUIPlugin:80 - create IPUIPlugin
2024-03-03 14:34:22,832 [INFO] PluginManager:220 - loadIPPluginJar : add gpio
2024-03-03 14:34:22,835 [INFO] IPUIPlugin:80 - create IPUIPlugin
2024-03-03 14:34:22,835 [INFO] PluginManager:220 - loadIPPluginJar : add gtzc
2024-03-03 14:34:22,839 [INFO] IPUIPlugin:80 - create IPUIPlugin
2024-03-03 14:34:22,839 [INFO] PluginManager:220 - loadIPPluginJar : add hash
2024-03-03 14:34:22,843 [INFO] IPUIPlugin:80 - create IPUIPlugin
2024-03-03 14:34:22,844 [INFO] PluginManager:220 - loadIPPluginJar : add i2c
2024-03-03 14:34:22,847 [INFO] IPUIPlugin:80 - create IPUIPlugin
2024-03-03 14:34:22,848 [INFO] PluginManager:220 - loadIPPluginJar : add i2s
2024-03-03 14:34:22,852 [INFO] IPUIPlugin:80 - create IPUIPlugin
2024-03-03 14:34:22,852 [INFO] PluginManager:220 - loadIPPluginJar : add i3c
2024-03-03 14:34:22,857 [INFO] IPUIPlugin:80 - create IPUIPlugin
2024-03-03 14:34:22,857 [INFO] PluginManager:220 - loadIPPluginJar : add ipddr
2024-03-03 14:34:22,868 [INFO] IPUIPlugin:80 - create IPUIPlugin
2024-03-03 14:34:22,868 [INFO] PluginManager:220 - loadIPPluginJar : add linkedlist
2024-03-03 14:34:22,873 [INFO] IPUIPlugin:80 - create IPUIPlugin
2024-03-03 14:34:22,873 [INFO] PluginManager:220 - loadIPPluginJar : add lorawan
2024-03-03 14:34:22,875 [INFO] IPUIPlugin:80 - create IPUIPlugin
2024-03-03 14:34:22,875 [INFO] PluginManager:220 - loadIPPluginJar : add ltdc
2024-03-03 14:34:22,883 [INFO] IPUIPlugin:80 - create IPUIPlugin
2024-03-03 14:34:22,883 [INFO] PluginManager:220 - loadIPPluginJar : add mdma
2024-03-03 14:34:22,888 [INFO] IPUIPlugin:80 - create IPUIPlugin
2024-03-03 14:34:22,889 [INFO] PluginManager:220 - loadIPPluginJar : add nvic
2024-03-03 14:34:22,892 [INFO] IPUIPlugin:80 - create IPUIPlugin
2024-03-03 14:34:22,892 [INFO] PluginManager:220 - loadIPPluginJar : add opamp
2024-03-03 14:34:22,896 [INFO] IPUIPlugin:80 - create IPUIPlugin
2024-03-03 14:34:22,896 [INFO] PluginManager:220 - loadIPPluginJar : add openamp
2024-03-03 14:34:22,900 [INFO] IPUIPlugin:80 - create IPUIPlugin
2024-03-03 14:34:22,900 [INFO] PluginManager:220 - loadIPPluginJar : add pdm2pcm
2024-03-03 14:34:22,906 [INFO] IPUIPlugin:80 - create IPUIPlugin
2024-03-03 14:34:22,909 [INFO] PluginManager:220 - loadIPPluginJar : add plateformsettings
2024-03-03 14:34:22,911 [INFO] IPUIPlugin:80 - create IPUIPlugin
2024-03-03 14:34:22,911 [INFO] PluginManager:220 - loadIPPluginJar : add quadspi
2024-03-03 14:34:22,915 [INFO] IPUIPlugin:80 - create IPUIPlugin
2024-03-03 14:34:22,916 [INFO] PluginManager:220 - loadIPPluginJar : add resmgrutility
2024-03-03 14:34:22,920 [INFO] IPUIPlugin:80 - create IPUIPlugin
2024-03-03 14:34:22,920 [INFO] PluginManager:220 - loadIPPluginJar : add sai
2024-03-03 14:34:22,924 [INFO] IPUIPlugin:80 - create IPUIPlugin
2024-03-03 14:34:22,924 [INFO] PluginManager:220 - loadIPPluginJar : add spi
2024-03-03 14:34:22,932 [INFO] IPUIPlugin:80 - create IPUIPlugin
2024-03-03 14:34:22,932 [INFO] PluginManager:220 - loadIPPluginJar : add stm32_wpan
2024-03-03 14:34:22,935 [INFO] IPUIPlugin:80 - create IPUIPlugin
2024-03-03 14:34:22,935 [INFO] PluginManager:220 - loadIPPluginJar : add tim
2024-03-03 14:34:22,938 [INFO] IPUIPlugin:80 - create IPUIPlugin
2024-03-03 14:34:22,939 [INFO] PluginManager:220 - loadIPPluginJar : add touchsensing
2024-03-03 14:34:22,941 [INFO] IPUIPlugin:80 - create IPUIPlugin
2024-03-03 14:34:22,941 [INFO] PluginManager:220 - loadIPPluginJar : add tracer_emb
2024-03-03 14:34:22,944 [INFO] IPUIPlugin:80 - create IPUIPlugin
2024-03-03 14:34:22,945 [INFO] PluginManager:220 - loadIPPluginJar : add ts
2024-03-03 14:34:22,948 [INFO] IPUIPlugin:80 - create IPUIPlugin
2024-03-03 14:34:22,948 [INFO] PluginManager:220 - loadIPPluginJar : add tsc
2024-03-03 14:34:22,951 [INFO] IPUIPlugin:80 - create IPUIPlugin
2024-03-03 14:34:22,951 [INFO] PluginManager:220 - loadIPPluginJar : add ucpd
2024-03-03 14:34:22,954 [INFO] IPUIPlugin:80 - create IPUIPlugin
2024-03-03 14:34:22,954 [INFO] PluginManager:220 - loadIPPluginJar : add usart
2024-03-03 14:34:22,957 [INFO] IPUIPlugin:80 - create IPUIPlugin
2024-03-03 14:34:22,958 [INFO] PluginManager:220 - loadIPPluginJar : add usbx
2024-03-03 14:34:23,113 [INFO] CADModel:165 - CPN selected for project level
2024-03-03 14:34:23,116 [INFO] CADModel:114 - Register for checkConnection events
2024-03-03 14:34:23,116 [FATAL] Updater:308 - Updater called before beeing initialized
2024-03-03 14:34:23,116 [ERROR] CADModel:125 - Updater not yet initialized, retry later 
2024-03-03 14:34:23,303 [INFO] CADModel:165 - CPN selected for project level
2024-03-03 14:34:23,303 [INFO] CADModel:114 - Register for checkConnection events
2024-03-03 14:34:23,303 [FATAL] Updater:308 - Updater called before beeing initialized
2024-03-03 14:34:23,303 [ERROR] CADModel:125 - Updater not yet initialized, retry later 
2024-03-03 14:34:23,308 [FATAL] Updater:308 - Updater called before beeing initialized
2024-03-03 14:34:23,470 [FATAL] Updater:308 - Updater called before beeing initialized
2024-03-03 14:34:23,474 [INFO] DbMcusAds:53 - JSON generation date=Thu Sep 30 12:25:09 IST 2021 (1632984909247)
2024-03-03 14:34:23,474 [FATAL] Updater:308 - Updater called before beeing initialized
2024-03-03 14:34:23,514 [WARN] DetailPanel:346 - Failed to get advertising image, set to default
2024-03-03 14:34:23,627 [FATAL] Updater:308 - Updater called before beeing initialized
2024-03-03 14:34:23,630 [FATAL] Updater:308 - Updater called before beeing initialized
2024-03-03 14:34:23,630 [FATAL] Updater:308 - Updater called before beeing initialized
2024-03-03 14:34:23,630 [WARN] DetailPanel:346 - Failed to get advertising image, set to default
2024-03-03 14:34:23,631 [FATAL] Updater:308 - Updater called before beeing initialized
2024-03-03 14:34:23,699 [ERROR] Updater:1120 - MainUpdater not yet initialized. External WinMGr cannot be set.
2024-03-03 14:34:23,702 [INFO] Updater:1056 - Updater Version found : 6.10.0
2024-03-03 14:34:23,727 [INFO] ApplicationProperties:184 - Using Application install path: C:\ST\STM32CubeIDE_1.14.1\STM32CubeIDE\plugins\com.st.stm32cube.common.mx_6.10.0.202311202037
2024-03-03 14:34:25,121 [INFO] ThirdPartyUpdaterWithRetryManager:70 - Updater plugin not ready yet. [2/15]
2024-03-03 14:34:25,328 [ERROR] LogOutputStream:75 - [STDERR_REDIRECT] Mar 03, 2024 2:34:25 PM java.util.prefs.WindowsPreferences <init>
2024-03-03 14:34:25,331 [ERROR] LogOutputStream:75 - [STDERR_REDIRECT] WARNING: Could not open/create prefs root node Software\JavaSoft\Prefs at root 0xffffffff80000002. Windows RegCreateKeyEx(...) returned error code 5.
2024-03-03 14:34:25,331 [ERROR] LogOutputStream:75 - [STDERR_REDIRECT] 
2024-03-03 14:34:26,115 [INFO] MainUpdater:2873 - connection check result : 10
2024-03-03 14:34:26,117 [INFO] MainUpdater:290 - Updater Check For Update Now.
2024-03-03 14:34:26,117 [INFO] MicroXplorer:498 - Change Database Version : DB.6.0.100
2024-03-03 14:34:26,124 [INFO] McuFinderGlobals:63 - Set McuFinder mode to 2 (CubeIDE integrated)
2024-03-03 14:34:26,124 [INFO] UserAuth:180 - activating auth plugin
2024-03-03 14:34:26,128 [INFO] UserAuth:404 - Internet connection configuration mode: 1
2024-03-03 14:34:26,187 [INFO] JxBrowserEngine:152 - Initiate JxBrowser Engine with user profile folder
2024-03-03 14:34:26,433 [INFO] CheckServerUpdateThread:120 - End of CheckServer Thread
2024-03-03 14:34:27,010 [INFO] WebApp:161 - Instantiating new browser for Auth
2024-03-03 14:34:27,851 [INFO] WebApp:780 - Register for checkConnection events
2024-03-03 14:34:27,851 [INFO] WebApp:414 - Apply proxy settings
2024-03-03 14:34:27,852 [INFO] WebApp:499 - Chromium requires no authentication
2024-03-03 14:34:27,858 [INFO] WebApp:442 - Direct internet connection detected
2024-03-03 14:34:28,019 [INFO] WebApp:192 - Starting web application
2024-03-03 14:34:28,020 [INFO] WebApp:544 - Web application path used C:\ST\STM32CubeIDE_1.14.1\STM32CubeIDE\plugins\com.st.stm32cube.common.mx_6.10.0.202311202037\db\plugins\mcufinder\reactClient1\index.html
2024-03-03 14:34:28,434 [WARN] PackLoader:240 - Cannot read IP mode file for STMicroelectronics.X-CUBE-SMBUS.2.1.0
2024-03-03 14:34:28,469 [WARN] PackLoader:240 - Cannot read IP mode file for STMicroelectronics.X-CUBE-TOUCHGFX.4.23.0
2024-03-03 14:34:28,556 [WARN] PackLoader:240 - Cannot read IP mode file for STMicroelectronics.X-CUBE-AZRTOS-F7.1.1.0
2024-03-03 14:34:28,573 [WARN] PackLoader:240 - Cannot read IP mode file for STMicroelectronics.FP-SNS-MOTENV1.4.3.2
2024-03-03 14:34:28,584 [WARN] PackLoader:240 - Cannot read IP mode file for STMicroelectronics.FP-SNS-FLIGHT1.5.0.2
2024-03-03 14:34:28,602 [WARN] PackLoader:240 - Cannot read IP mode file for STMicroelectronics.X-CUBE-DISPLAY.3.0.0
2024-03-03 14:34:28,626 [WARN] PackLoader:240 - Cannot read IP mode file for STMicroelectronics.X-CUBE-BLE1.7.0.0
2024-03-03 14:34:28,636 [WARN] PackLoader:240 - Cannot read IP mode file for emotas.I-CUBE-CANOPEN.1.3.0
2024-03-03 14:34:28,654 [WARN] PackLoader:240 - Cannot read IP mode file for STMicroelectronics.X-CUBE-BLEMGR.3.1.0
2024-03-03 14:34:28,666 [WARN] PackLoader:240 - Cannot read IP mode file for STMicroelectronics.FP-SNS-SMARTAG2.1.2.0
2024-03-03 14:34:28,688 [INFO] LogOutputStream:77 - [STDOUT_REDIRECT] 1 : Invalid condition id : UX_CORESTACK_Condition cause : null
2024-03-03 14:34:28,689 [INFO] LogOutputStream:77 - [STDOUT_REDIRECT] 1 : Invalid condition id : UX_CORESTACK_Condition cause : null
2024-03-03 14:34:28,690 [INFO] LogOutputStream:77 - [STDOUT_REDIRECT] 1 : Invalid condition id : UX_CORESTACK_Condition cause : null
2024-03-03 14:34:28,692 [INFO] LogOutputStream:77 - [STDOUT_REDIRECT] 1 : Invalid condition id : UX_CORESTACK_Condition cause : null
2024-03-03 14:34:28,693 [INFO] LogOutputStream:77 - [STDOUT_REDIRECT] 1 : Invalid condition id : UX_CORESTACK_Condition cause : null
2024-03-03 14:34:28,697 [WARN] PackLoader:240 - Cannot read IP mode file for STMicroelectronics.X-CUBE-AZRTOS-WL.2.0.0
2024-03-03 14:34:28,711 [WARN] PackLoader:240 - Cannot read IP mode file for WES.I-CUBE-Cesium.1.3.0
2024-03-03 14:34:28,717 [WARN] PackLoader:240 - Cannot read IP mode file for STMicroelectronics.X-CUBE-BLE2.3.3.0
2024-03-03 14:34:28,724 [WARN] PackLoader:240 - Cannot read IP mode file for STMicroelectronics.X-CUBE-ALGOBUILD.1.3.0
2024-03-03 14:34:28,744 [WARN] PackLoader:240 - Cannot read IP mode file for STMicroelectronics.X-CUBE-AZRTOS-G0.1.1.0
2024-03-03 14:34:28,756 [WARN] PackLoader:240 - Cannot read IP mode file for STMicroelectronics.X-CUBE-NFC4.3.0.0
2024-03-03 14:34:28,762 [WARN] PackLoader:240 - Cannot read IP mode file for STMicroelectronics.FP-ATR-SIGFOX1.3.2.0
2024-03-03 14:34:28,772 [WARN] PackLoader:240 - Cannot read IP mode file for STMicroelectronics.X-CUBE-EEPRMA1.5.1.0
2024-03-03 14:34:28,813 [WARN] PackLoader:240 - Cannot read IP mode file for SEGGER.I-CUBE-embOS.1.3.1
2024-03-03 14:34:28,870 [WARN] PackLoader:240 - Cannot read IP mode file for STMicroelectronics.X-CUBE-GNSS1.6.0.0
2024-03-03 14:34:28,899 [WARN] PackLoader:240 - Cannot read IP mode file for STMicroelectronics.X-CUBE-AZRTOS-F4.1.1.0
2024-03-03 14:34:28,911 [WARN] PackLoader:240 - Cannot read IP mode file for wolfSSL.I-CUBE-wolfSSL.5.6.6
2024-03-03 14:34:28,941 [WARN] PackLoader:240 - Cannot read IP mode file for STMicroelectronics.X-CUBE-AZRTOS-L5.2.0.0
2024-03-03 14:34:28,953 [WARN] PackLoader:240 - Cannot read IP mode file for ITTIA_DB.I-CUBE-ITTIADB.8.8.0
2024-03-03 14:34:28,961 [WARN] PackLoader:240 - Cannot read IP mode file for STMicroelectronics.X-CUBE-NFC7.1.0.1
2024-03-03 14:34:28,972 [WARN] PackLoader:240 - Cannot read IP mode file for STMicroelectronics.X-CUBE-NFC6.3.0.0
2024-03-03 14:34:28,981 [WARN] PackLoader:240 - Cannot read IP mode file for STMicroelectronics.X-CUBE-AI.8.1.0
2024-03-03 14:34:29,003 [WARN] ConditionMgr:438 - getConditionDescription Invalid condition id : LAN8742 Phy interface Condition cause : null
2024-03-03 14:34:29,004 [WARN] PackLoader:240 - Cannot read IP mode file for STMicroelectronics.X-CUBE-AZRTOS-L4.2.0.0
2024-03-03 14:34:29,006 [WARN] ConditionMgr:1039 - genDependencies : Invalid condition id : LAN8742 Phy interface Condition cause : null
2024-03-03 14:34:29,006 [WARN] ConditionMgr:1039 - genDependencies : Invalid condition id : LAN8742 Phy interface Condition cause : null
2024-03-03 14:34:29,007 [WARN] ConditionMgr:1039 - genDependencies : Invalid condition id : LAN8742 Phy interface Condition cause : null
2024-03-03 14:34:29,016 [WARN] PackLoader:240 - Cannot read IP mode file for STMicroelectronics.X-CUBE-SFXS2LP1.4.0.0
2024-03-03 14:34:29,036 [WARN] ConditionMgr:438 - getConditionDescription Invalid condition id : UX DEVICE CLASS RTOS Condition cause : null
2024-03-03 14:34:29,036 [WARN] ConditionMgr:438 - getConditionDescription Invalid condition id : UX DEVICE CLASS RTOS Condition cause : null
2024-03-03 14:34:29,038 [WARN] PackLoader:240 - Cannot read IP mode file for STMicroelectronics.X-CUBE-AZRTOS-WB.2.0.0
2024-03-03 14:34:29,039 [WARN] ConditionMgr:1039 - genDependencies : Invalid condition id : UX DEVICE CLASS RTOS Condition cause : null
2024-03-03 14:34:29,039 [WARN] ConditionMgr:1039 - genDependencies : Invalid condition id : UX DEVICE CLASS RTOS Condition cause : null
2024-03-03 14:34:29,040 [WARN] ConditionMgr:1039 - genDependencies : Invalid condition id : UX DEVICE CLASS RTOS Condition cause : null
2024-03-03 14:34:29,040 [WARN] ConditionMgr:1039 - genDependencies : Invalid condition id : UX DEVICE CLASS RTOS Condition cause : null
2024-03-03 14:34:29,040 [WARN] ConditionMgr:1039 - genDependencies : Invalid condition id : UX DEVICE CLASS RTOS Condition cause : null
2024-03-03 14:34:29,049 [WARN] PackLoader:240 - Cannot read IP mode file for STMicroelectronics.X-CUBE-SUBG2.5.0.0
2024-03-03 14:34:29,064 [WARN] PackLoader:240 - Cannot read IP mode file for STMicroelectronics.X-CUBE-AZRTOS-G4.2.0.0
2024-03-03 14:34:29,075 [WARN] PackLoader:240 - Cannot read IP mode file for Infineon.AIROC-Wi-Fi-Bluetooth-STM32.1.5.1
2024-03-03 14:34:29,083 [WARN] PackLoader:240 - Cannot read IP mode file for STMicroelectronics.FP-SNS-MOTENVWB1.1.3.1
2024-03-03 14:34:29,088 [WARN] PackLoader:240 - Cannot read IP mode file for STMicroelectronics.X-CUBE-ISPU.2.0.0
2024-03-03 14:34:29,132 [WARN] PackLoader:240 - Cannot read IP mode file for STMicroelectronics.X-CUBE-MEMS1.10.0.0
2024-03-03 14:34:29,255 [WARN] PackLoader:240 - Cannot read IP mode file for STMicroelectronics.X-CUBE-FREERTOS.1.1.0
2024-03-03 14:34:29,261 [WARN] PackLoader:240 - Cannot read IP mode file for portGmbH.I-Cube-SoM-uGOAL.1.1.0
2024-03-03 14:34:29,265 [WARN] PackLoader:240 - Cannot read IP mode file for STMicroelectronics.X-CUBE-ALS.1.0.1
2024-03-03 14:34:29,271 [WARN] PackLoader:240 - Cannot read IP mode file for STMicroelectronics.FP-ATR-ASTRA1.2.0.0
2024-03-03 14:34:29,280 [WARN] PackLoader:240 - Cannot read IP mode file for STMicroelectronics.X-CUBE-TOF1.3.4.0
2024-03-03 14:34:29,305 [WARN] PackLoader:240 - Cannot read IP mode file for STMicroelectronics.X-CUBE-AZRTOS-H7.3.2.0
2024-03-03 14:34:29,309 [INFO] ThirdParty:978 - Integrity check success = true
2024-03-03 14:34:29,309 [INFO] IntegrityCheckThread:100 - exiting critical section [integrity check]
2024-03-03 14:34:29,309 [INFO] IntegrityCheckThread:103 - End integrity checks thread
