2024-03-03 14:21:28,688 [INFO] Activator:176 - 


2024-03-03 14:21:28,692 [INFO] Activator:177 - !SESSION log4j initialized
2024-03-03 14:21:31,748 [INFO] LogOutputStream:77 - [STDOUT_REDIRECT] 
2024-03-03 14:21:34,187 [INFO] ApplicationProperties:184 - Using Application install path: C:\ST\STM32CubeIDE_1.14.1\STM32CubeIDE\plugins\com.st.stm32cube.common.mx_6.10.0.202311202037
2024-03-03 14:21:34,218 [INFO] DbMcusXml:78 - Set database path to: C:\ST\STM32CubeIDE_1.14.1\STM32CubeIDE\plugins\com.st.stm32cube.common.mx_6.10.0.202311202037\\db\/mcu/
2024-03-03 14:21:34,218 [INFO] ApiDb:274 - Set plugin database path to: C:\ST\STM32CubeIDE_1.14.1\STM32CubeIDE\plugins\com.st.stm32cube.common.mx_6.10.0.202311202037\\db\/plugins/boardmanager/
2024-03-03 14:21:34,220 [WARN] ApiDb:259 - Overriding images path with different value:  => C:\ST\STM32CubeIDE_1.14.1\STM32CubeIDE\plugins\com.st.stm32cube.common.mx_6.10.0.202311202037\\db\/plugins/mcufinder/images/
2024-03-03 14:21:34,230 [INFO] ApiDb:250 - Set database path to: C:\Users\siddh\.stmcufinder\plugins\mcufinder//mcu/
2024-03-03 14:21:34,232 [INFO] DbMcusAds:125 - Set database path to: C:\Users\siddh\.stmcufinder\plugins\mcufinder//mcu/
2024-03-03 14:21:34,236 [INFO] CrossReferenceDbSqlite:203 - Set database path to: C:\Users\siddh\.stmcufinder\plugins\mcufinder//mcu/cs/
2024-03-03 14:21:34,457 [INFO] RulesReader:64 - Compatibility file has been processed (297 Rules)
2024-03-03 14:21:34,615 [INFO] DbMcusXml:78 - Set database path to: C:\ST\STM32CubeIDE_1.14.1\STM32CubeIDE\plugins\com.st.stm32cube.common.mx_6.10.0.202311202037\\db\/mcu/
2024-03-03 14:21:34,615 [INFO] ApiDb:274 - Set plugin database path to: C:\ST\STM32CubeIDE_1.14.1\STM32CubeIDE\plugins\com.st.stm32cube.common.mx_6.10.0.202311202037\\db\/plugins/boardmanager/
2024-03-03 14:21:34,615 [INFO] ApiDb:261 - Set plugin images path to: C:\ST\STM32CubeIDE_1.14.1\STM32CubeIDE\plugins\com.st.stm32cube.common.mx_6.10.0.202311202037\\db\/plugins/mcufinder/images/
2024-03-03 14:21:34,616 [WARN] DbFile:41 - Overriding database path with different value: C:\Users\siddh\.stmcufinder\plugins\mcufinder/ => C:\Users\siddh\.stmcufinder\plugins\mcufinder
2024-03-03 14:21:34,616 [INFO] ApiDb:250 - Set database path to: C:\Users\siddh\.stmcufinder\plugins\mcufinder//mcu/
2024-03-03 14:21:34,616 [WARN] DbFile:41 - Overriding database path with different value: C:\Users\siddh\.stmcufinder\plugins\mcufinder/ => C:\Users\siddh\.stmcufinder\plugins\mcufinder
2024-03-03 14:21:34,616 [INFO] DbMcusAds:125 - Set database path to: C:\Users\siddh\.stmcufinder\plugins\mcufinder//mcu/
2024-03-03 14:21:34,617 [WARN] DbFile:41 - Overriding database path with different value: C:\Users\siddh\.stmcufinder\plugins\mcufinder/ => C:\Users\siddh\.stmcufinder\plugins\mcufinder
2024-03-03 14:21:34,617 [WARN] DbFile:41 - Overriding database path with different value: C:\Users\siddh\.stmcufinder\plugins\mcufinder/ => C:\Users\siddh\.stmcufinder\plugins\mcufinder
2024-03-03 14:21:34,617 [INFO] CrossReferenceDbSqlite:203 - Set database path to: C:\Users\siddh\.stmcufinder\plugins\mcufinder//mcu/cs/
2024-03-03 14:21:34,746 [INFO] MainPanel:264 - HeapMemory: 268435456
2024-03-03 14:21:34,896 [INFO] DbMcusXml:78 - Set database path to: C:\ST\STM32CubeIDE_1.14.1\STM32CubeIDE\plugins\com.st.stm32cube.common.mx_6.10.0.202311202037\\db\/mcu/
2024-03-03 14:21:34,896 [INFO] ApiDb:274 - Set plugin database path to: C:\ST\STM32CubeIDE_1.14.1\STM32CubeIDE\plugins\com.st.stm32cube.common.mx_6.10.0.202311202037\\db\/plugins/boardmanager/
2024-03-03 14:21:34,896 [INFO] ApiDb:261 - Set plugin images path to: C:\ST\STM32CubeIDE_1.14.1\STM32CubeIDE\plugins\com.st.stm32cube.common.mx_6.10.0.202311202037\\db\/plugins/mcufinder/images/
2024-03-03 14:21:34,898 [WARN] DbFile:41 - Overriding database path with different value: C:\Users\siddh\.stmcufinder\plugins\mcufinder/ => C:\Users\siddh\.stmcufinder\plugins\mcufinder
2024-03-03 14:21:34,899 [INFO] ApiDb:250 - Set database path to: C:\Users\siddh\.stmcufinder\plugins\mcufinder//mcu/
2024-03-03 14:21:34,899 [WARN] DbFile:41 - Overriding database path with different value: C:\Users\siddh\.stmcufinder\plugins\mcufinder/ => C:\Users\siddh\.stmcufinder\plugins\mcufinder
2024-03-03 14:21:34,899 [INFO] DbMcusAds:125 - Set database path to: C:\Users\siddh\.stmcufinder\plugins\mcufinder//mcu/
2024-03-03 14:21:34,899 [WARN] DbFile:41 - Overriding database path with different value: C:\Users\siddh\.stmcufinder\plugins\mcufinder/ => C:\Users\siddh\.stmcufinder\plugins\mcufinder
2024-03-03 14:21:34,900 [WARN] DbFile:41 - Overriding database path with different value: C:\Users\siddh\.stmcufinder\plugins\mcufinder/ => C:\Users\siddh\.stmcufinder\plugins\mcufinder
2024-03-03 14:21:34,900 [INFO] CrossReferenceDbSqlite:203 - Set database path to: C:\Users\siddh\.stmcufinder\plugins\mcufinder//mcu/cs/
2024-03-03 14:21:34,939 [INFO] ApplicationProperties:184 - Using Application install path: C:\ST\STM32CubeIDE_1.14.1\STM32CubeIDE\plugins\com.st.stm32cube.common.mx_6.10.0.202311202037
2024-03-03 14:21:34,941 [INFO] PluginManage:196 - Search for loadable plugins [exclusion list=, ]
2024-03-03 14:21:34,943 [INFO] PluginManage:310 - Check plugin analytics
2024-03-03 14:21:35,282 [INFO] AnalyticsPlugin:253 - Accepted Software Licenses: 
2024-03-03 14:21:35,283 [INFO] AnalyticsPlugin:255 - Accepted CMSIS Pack Licenses: 
2024-03-03 14:21:35,283 [INFO] AnalyticsPlugin:257 - Accepted Firmware Licenses: 
2024-03-03 14:21:35,291 [INFO] PluginManage:359 - Loaded plugin analytics (category:tool,tabindex:-1)
2024-03-03 14:21:35,293 [INFO] PluginManage:310 - Check plugin cadmodel
2024-03-03 14:21:35,301 [INFO] CADModel:105 - Init CAD model plugin
2024-03-03 14:21:35,301 [INFO] PluginManage:359 - Loaded plugin cadmodel (category:power,tabindex:5)
2024-03-03 14:21:35,301 [INFO] PluginManage:310 - Check plugin clock
2024-03-03 14:21:35,320 [INFO] PluginManage:359 - Loaded plugin clock (category:base,tabindex:2)
2024-03-03 14:21:35,320 [INFO] PluginManage:310 - Check plugin ddr
2024-03-03 14:21:35,325 [INFO] PluginManage:359 - Loaded plugin ddr (category:tool,tabindex:6)
2024-03-03 14:21:35,325 [INFO] PluginManage:310 - Check plugin filemanager
2024-03-03 14:21:35,586 [INFO] PluginManage:359 - Loaded plugin filemanager (category:base,tabindex:10)
2024-03-03 14:21:35,587 [INFO] PluginManage:310 - Check plugin ipmanager
2024-03-03 14:21:35,598 [INFO] PluginManage:359 - Loaded plugin ipmanager (category:base,tabindex:5)
2024-03-03 14:21:35,598 [INFO] PluginManage:310 - Check plugin lpbam
2024-03-03 14:21:35,610 [INFO] PluginManage:359 - Loaded plugin lpbam (category:base,tabindex:0)
2024-03-03 14:21:35,611 [INFO] PluginManage:310 - Check plugin memorymap
2024-03-03 14:21:35,628 [INFO] PluginManage:359 - Loaded plugin memorymap (category:base,tabindex:4)
2024-03-03 14:21:35,628 [INFO] PluginManage:310 - Check plugin pinoutandconfiguration
2024-03-03 14:21:35,640 [INFO] PluginManage:359 - Loaded plugin pinoutandconfiguration (category:base,tabindex:1)
2024-03-03 14:21:35,640 [INFO] PluginManage:310 - Check plugin pinoutconfig
2024-03-03 14:21:35,836 [WARN] SupportedApi:132 - Cannot load RTOS API schema: s4s-elt-must-match.1: The content of 'definitions' must match (annotation?, (simpleType | complexType)?, (unique | key | keyref)*)). A problem was found starting at: attribute.
2024-03-03 14:21:35,997 [INFO] PluginManage:359 - Loaded plugin pinoutconfig (category:base,tabindex:0)
2024-03-03 14:21:35,998 [INFO] PluginManage:310 - Check plugin power
2024-03-03 14:21:36,009 [INFO] PluginManage:359 - Loaded plugin power (category:power,tabindex:4)
2024-03-03 14:21:36,010 [INFO] PluginManage:310 - Check plugin projectmanager
2024-03-03 14:21:36,124 [INFO] PluginManage:359 - Loaded plugin projectmanager (category:projectmanager,tabindex:3)
2024-03-03 14:21:36,126 [INFO] PluginManage:310 - Check plugin thirdparty
2024-03-03 14:21:36,393 [INFO] PluginManage:359 - Loaded plugin thirdparty (category:base,tabindex:-1)
2024-03-03 14:21:36,393 [INFO] PluginManage:310 - Check plugin tools
2024-03-03 14:21:36,393 [WARN] IntegrityCheckThread:84 - waiting for thirdparty lock release [integrity check]
2024-03-03 14:21:36,394 [INFO] IntegrityCheckThread:86 - entering critical section [integrity check]
2024-03-03 14:21:36,395 [INFO] ThirdPartyUpdaterWithRetryManager:70 - Updater plugin not ready yet. [1/15]
2024-03-03 14:21:36,399 [INFO] PluginManage:359 - Loaded plugin tools (category:base,tabindex:7)
2024-03-03 14:21:36,399 [INFO] PluginManage:310 - Check plugin tutovideos
2024-03-03 14:21:36,659 [INFO] PluginManage:359 - Loaded plugin tutovideos (category:base,tabindex:-1)
2024-03-03 14:21:36,660 [INFO] PluginManage:310 - Check plugin updater
2024-03-03 14:21:36,677 [INFO] PluginManage:359 - Loaded plugin updater (category:base,tabindex:12)
2024-03-03 14:21:36,677 [INFO] PluginManage:310 - Check plugin userauth
2024-03-03 14:21:36,684 [INFO] UserAuth:114 - Init User Auth plugin
2024-03-03 14:21:36,684 [INFO] PluginManage:359 - Loaded plugin userauth (category:base,tabindex:14)
2024-03-03 14:21:36,685 [INFO] PluginManage:283 - PluginManage : Loaded plugins [17]
2024-03-03 14:21:36,974 [INFO] PinOutPanel:1499 - setPackage(No Configuration,No Configuration)
2024-03-03 14:21:37,066 [INFO] CADModel:165 - CPN selected for project level
2024-03-03 14:21:37,066 [INFO] CADModel:114 - Register for checkConnection events
2024-03-03 14:21:37,086 [INFO] IPUIPlugin:80 - create IPUIPlugin
2024-03-03 14:21:37,086 [INFO] PluginManager:220 - loadIPPluginJar : add adc
2024-03-03 14:21:37,090 [INFO] IPUIPlugin:80 - create IPUIPlugin
2024-03-03 14:21:37,090 [INFO] PluginManager:220 - loadIPPluginJar : add aes
2024-03-03 14:21:37,093 [INFO] IPUIPlugin:80 - create IPUIPlugin
2024-03-03 14:21:37,093 [INFO] PluginManager:220 - loadIPPluginJar : add can
2024-03-03 14:21:37,095 [INFO] IPUIPlugin:80 - create IPUIPlugin
2024-03-03 14:21:37,095 [INFO] PluginManager:220 - loadIPPluginJar : add comp
2024-03-03 14:21:37,097 [INFO] IPUIPlugin:80 - create IPUIPlugin
2024-03-03 14:21:37,097 [INFO] PluginManager:220 - loadIPPluginJar : add cryp
2024-03-03 14:21:37,100 [INFO] IPUIPlugin:80 - create IPUIPlugin
2024-03-03 14:21:37,100 [INFO] PluginManager:220 - loadIPPluginJar : add dfsdm
2024-03-03 14:21:37,107 [INFO] IPUIPlugin:80 - create IPUIPlugin
2024-03-03 14:21:37,108 [INFO] PluginManager:220 - loadIPPluginJar : add dma
2024-03-03 14:21:37,113 [INFO] IPUIPlugin:80 - create IPUIPlugin
2024-03-03 14:21:37,113 [INFO] PluginManager:220 - loadIPPluginJar : add dma3
2024-03-03 14:21:37,115 [INFO] IPUIPlugin:80 - create IPUIPlugin
2024-03-03 14:21:37,115 [INFO] PluginManager:220 - loadIPPluginJar : add fatfs
2024-03-03 14:21:37,119 [INFO] IPUIPlugin:80 - create IPUIPlugin
2024-03-03 14:21:37,119 [INFO] PluginManager:220 - loadIPPluginJar : add fmc
2024-03-03 14:21:37,130 [INFO] IPUIPlugin:80 - create IPUIPlugin
2024-03-03 14:21:37,130 [INFO] PluginManager:220 - loadIPPluginJar : add freertos
2024-03-03 14:21:37,134 [INFO] IPUIPlugin:80 - create IPUIPlugin
2024-03-03 14:21:37,134 [INFO] PluginManager:220 - loadIPPluginJar : add genericplugin
2024-03-03 14:21:37,136 [INFO] IPUIPlugin:80 - create IPUIPlugin
2024-03-03 14:21:37,136 [INFO] PluginManager:220 - loadIPPluginJar : add gfxmmu
2024-03-03 14:21:37,145 [INFO] IPUIPlugin:80 - create IPUIPlugin
2024-03-03 14:21:37,145 [INFO] PluginManager:220 - loadIPPluginJar : add gic
2024-03-03 14:21:37,150 [INFO] IPUIPlugin:80 - create IPUIPlugin
2024-03-03 14:21:37,150 [INFO] PluginManager:220 - loadIPPluginJar : add gpio
2024-03-03 14:21:37,160 [INFO] IPUIPlugin:80 - create IPUIPlugin
2024-03-03 14:21:37,160 [INFO] PluginManager:220 - loadIPPluginJar : add gtzc
2024-03-03 14:21:37,163 [INFO] IPUIPlugin:80 - create IPUIPlugin
2024-03-03 14:21:37,163 [INFO] PluginManager:220 - loadIPPluginJar : add hash
2024-03-03 14:21:37,166 [INFO] IPUIPlugin:80 - create IPUIPlugin
2024-03-03 14:21:37,166 [INFO] PluginManager:220 - loadIPPluginJar : add i2c
2024-03-03 14:21:37,169 [INFO] IPUIPlugin:80 - create IPUIPlugin
2024-03-03 14:21:37,170 [INFO] PluginManager:220 - loadIPPluginJar : add i2s
2024-03-03 14:21:37,175 [INFO] IPUIPlugin:80 - create IPUIPlugin
2024-03-03 14:21:37,175 [INFO] PluginManager:220 - loadIPPluginJar : add i3c
2024-03-03 14:21:37,179 [INFO] IPUIPlugin:80 - create IPUIPlugin
2024-03-03 14:21:37,180 [INFO] PluginManager:220 - loadIPPluginJar : add ipddr
2024-03-03 14:21:37,192 [INFO] IPUIPlugin:80 - create IPUIPlugin
2024-03-03 14:21:37,192 [INFO] PluginManager:220 - loadIPPluginJar : add linkedlist
2024-03-03 14:21:37,196 [INFO] IPUIPlugin:80 - create IPUIPlugin
2024-03-03 14:21:37,196 [INFO] PluginManager:220 - loadIPPluginJar : add lorawan
2024-03-03 14:21:37,198 [INFO] IPUIPlugin:80 - create IPUIPlugin
2024-03-03 14:21:37,198 [INFO] PluginManager:220 - loadIPPluginJar : add ltdc
2024-03-03 14:21:37,204 [INFO] IPUIPlugin:80 - create IPUIPlugin
2024-03-03 14:21:37,205 [INFO] PluginManager:220 - loadIPPluginJar : add mdma
2024-03-03 14:21:37,210 [INFO] IPUIPlugin:80 - create IPUIPlugin
2024-03-03 14:21:37,210 [INFO] PluginManager:220 - loadIPPluginJar : add nvic
2024-03-03 14:21:37,213 [INFO] IPUIPlugin:80 - create IPUIPlugin
2024-03-03 14:21:37,214 [INFO] PluginManager:220 - loadIPPluginJar : add opamp
2024-03-03 14:21:37,216 [INFO] IPUIPlugin:80 - create IPUIPlugin
2024-03-03 14:21:37,217 [INFO] PluginManager:220 - loadIPPluginJar : add openamp
2024-03-03 14:21:37,220 [INFO] IPUIPlugin:80 - create IPUIPlugin
2024-03-03 14:21:37,220 [INFO] PluginManager:220 - loadIPPluginJar : add pdm2pcm
2024-03-03 14:21:37,228 [INFO] IPUIPlugin:80 - create IPUIPlugin
2024-03-03 14:21:37,230 [INFO] PluginManager:220 - loadIPPluginJar : add plateformsettings
2024-03-03 14:21:37,233 [INFO] IPUIPlugin:80 - create IPUIPlugin
2024-03-03 14:21:37,233 [INFO] PluginManager:220 - loadIPPluginJar : add quadspi
2024-03-03 14:21:37,238 [INFO] IPUIPlugin:80 - create IPUIPlugin
2024-03-03 14:21:37,238 [INFO] PluginManager:220 - loadIPPluginJar : add resmgrutility
2024-03-03 14:21:37,242 [INFO] IPUIPlugin:80 - create IPUIPlugin
2024-03-03 14:21:37,242 [INFO] PluginManager:220 - loadIPPluginJar : add sai
2024-03-03 14:21:37,245 [INFO] IPUIPlugin:80 - create IPUIPlugin
2024-03-03 14:21:37,245 [INFO] PluginManager:220 - loadIPPluginJar : add spi
2024-03-03 14:21:37,253 [INFO] IPUIPlugin:80 - create IPUIPlugin
2024-03-03 14:21:37,253 [INFO] PluginManager:220 - loadIPPluginJar : add stm32_wpan
2024-03-03 14:21:37,256 [INFO] IPUIPlugin:80 - create IPUIPlugin
2024-03-03 14:21:37,257 [INFO] PluginManager:220 - loadIPPluginJar : add tim
2024-03-03 14:21:37,260 [INFO] IPUIPlugin:80 - create IPUIPlugin
2024-03-03 14:21:37,260 [INFO] PluginManager:220 - loadIPPluginJar : add touchsensing
2024-03-03 14:21:37,264 [INFO] IPUIPlugin:80 - create IPUIPlugin
2024-03-03 14:21:37,264 [INFO] PluginManager:220 - loadIPPluginJar : add tracer_emb
2024-03-03 14:21:37,270 [INFO] IPUIPlugin:80 - create IPUIPlugin
2024-03-03 14:21:37,270 [INFO] PluginManager:220 - loadIPPluginJar : add ts
2024-03-03 14:21:37,274 [INFO] IPUIPlugin:80 - create IPUIPlugin
2024-03-03 14:21:37,274 [INFO] PluginManager:220 - loadIPPluginJar : add tsc
2024-03-03 14:21:37,278 [INFO] IPUIPlugin:80 - create IPUIPlugin
2024-03-03 14:21:37,278 [INFO] PluginManager:220 - loadIPPluginJar : add ucpd
2024-03-03 14:21:37,281 [INFO] IPUIPlugin:80 - create IPUIPlugin
2024-03-03 14:21:37,281 [INFO] PluginManager:220 - loadIPPluginJar : add usart
2024-03-03 14:21:37,286 [INFO] IPUIPlugin:80 - create IPUIPlugin
2024-03-03 14:21:37,286 [INFO] PluginManager:220 - loadIPPluginJar : add usbx
2024-03-03 14:21:37,442 [INFO] CADModel:165 - CPN selected for project level
2024-03-03 14:21:37,443 [INFO] CADModel:114 - Register for checkConnection events
2024-03-03 14:21:37,443 [FATAL] Updater:308 - Updater called before beeing initialized
2024-03-03 14:21:37,443 [ERROR] CADModel:125 - Updater not yet initialized, retry later 
2024-03-03 14:21:37,631 [INFO] CADModel:165 - CPN selected for project level
2024-03-03 14:21:37,631 [INFO] CADModel:114 - Register for checkConnection events
2024-03-03 14:21:37,631 [FATAL] Updater:308 - Updater called before beeing initialized
2024-03-03 14:21:37,632 [ERROR] CADModel:125 - Updater not yet initialized, retry later 
2024-03-03 14:21:37,635 [FATAL] Updater:308 - Updater called before beeing initialized
2024-03-03 14:21:37,793 [FATAL] Updater:308 - Updater called before beeing initialized
2024-03-03 14:21:37,798 [INFO] DbMcusAds:53 - JSON generation date=Thu Sep 30 12:25:09 IST 2021 (1632984909247)
2024-03-03 14:21:37,798 [FATAL] Updater:308 - Updater called before beeing initialized
2024-03-03 14:21:37,839 [WARN] DetailPanel:346 - Failed to get advertising image, set to default
2024-03-03 14:21:37,953 [FATAL] Updater:308 - Updater called before beeing initialized
2024-03-03 14:21:37,955 [FATAL] Updater:308 - Updater called before beeing initialized
2024-03-03 14:21:37,957 [FATAL] Updater:308 - Updater called before beeing initialized
2024-03-03 14:21:37,957 [WARN] DetailPanel:346 - Failed to get advertising image, set to default
2024-03-03 14:21:37,957 [FATAL] Updater:308 - Updater called before beeing initialized
2024-03-03 14:21:38,022 [ERROR] Updater:1120 - MainUpdater not yet initialized. External WinMGr cannot be set.
2024-03-03 14:21:38,025 [INFO] Updater:1056 - Updater Version found : 6.10.0
2024-03-03 14:21:38,054 [INFO] ApplicationProperties:184 - Using Application install path: C:\ST\STM32CubeIDE_1.14.1\STM32CubeIDE\plugins\com.st.stm32cube.common.mx_6.10.0.202311202037
2024-03-03 14:21:39,395 [INFO] ThirdPartyUpdaterWithRetryManager:70 - Updater plugin not ready yet. [2/15]
2024-03-03 14:21:39,640 [ERROR] LogOutputStream:75 - [STDERR_REDIRECT] Mar 03, 2024 2:21:39 PM java.util.prefs.WindowsPreferences <init>
2024-03-03 14:21:39,645 [ERROR] LogOutputStream:75 - [STDERR_REDIRECT] WARNING: Could not open/create prefs root node Software\JavaSoft\Prefs at root 0xffffffff80000002. Windows RegCreateKeyEx(...) returned error code 5.
2024-03-03 14:21:39,646 [ERROR] LogOutputStream:75 - [STDERR_REDIRECT] 
2024-03-03 14:21:40,078 [INFO] MainUpdater:2873 - connection check result : 10
2024-03-03 14:21:40,080 [INFO] MainUpdater:290 - Updater Check For Update Now.
2024-03-03 14:21:40,080 [INFO] MicroXplorer:498 - Change Database Version : DB.6.0.100
2024-03-03 14:21:40,141 [INFO] McuFinderGlobals:63 - Set McuFinder mode to 2 (CubeIDE integrated)
2024-03-03 14:21:40,142 [INFO] UserAuth:180 - activating auth plugin
2024-03-03 14:21:40,146 [INFO] UserAuth:404 - Internet connection configuration mode: 1
2024-03-03 14:21:40,168 [INFO] JxBrowserEngine:152 - Initiate JxBrowser Engine with user profile folder
2024-03-03 14:21:40,295 [INFO] CheckServerUpdateThread:120 - End of CheckServer Thread
2024-03-03 14:21:40,962 [INFO] WebApp:161 - Instantiating new browser for Auth
2024-03-03 14:21:41,734 [INFO] WebApp:780 - Register for checkConnection events
2024-03-03 14:21:41,734 [INFO] WebApp:414 - Apply proxy settings
2024-03-03 14:21:41,734 [INFO] WebApp:499 - Chromium requires no authentication
2024-03-03 14:21:41,743 [INFO] WebApp:442 - Direct internet connection detected
2024-03-03 14:21:41,933 [INFO] WebApp:192 - Starting web application
2024-03-03 14:21:41,934 [INFO] WebApp:544 - Web application path used C:\ST\STM32CubeIDE_1.14.1\STM32CubeIDE\plugins\com.st.stm32cube.common.mx_6.10.0.202311202037\db\plugins\mcufinder\reactClient1\index.html
2024-03-03 14:21:42,639 [WARN] PackLoader:240 - Cannot read IP mode file for STMicroelectronics.X-CUBE-SMBUS.2.1.0
2024-03-03 14:21:42,667 [WARN] PackLoader:240 - Cannot read IP mode file for STMicroelectronics.X-CUBE-TOUCHGFX.4.23.0
2024-03-03 14:21:42,802 [WARN] PackLoader:240 - Cannot read IP mode file for STMicroelectronics.X-CUBE-AZRTOS-F7.1.1.0
2024-03-03 14:21:42,822 [WARN] PackLoader:240 - Cannot read IP mode file for STMicroelectronics.FP-SNS-MOTENV1.4.3.2
2024-03-03 14:21:42,835 [WARN] PackLoader:240 - Cannot read IP mode file for STMicroelectronics.FP-SNS-FLIGHT1.5.0.2
2024-03-03 14:21:42,851 [WARN] PackLoader:240 - Cannot read IP mode file for STMicroelectronics.X-CUBE-DISPLAY.3.0.0
2024-03-03 14:21:42,877 [WARN] PackLoader:240 - Cannot read IP mode file for STMicroelectronics.X-CUBE-BLE1.7.0.0
2024-03-03 14:21:42,889 [WARN] PackLoader:240 - Cannot read IP mode file for emotas.I-CUBE-CANOPEN.1.3.0
2024-03-03 14:21:42,905 [WARN] PackLoader:240 - Cannot read IP mode file for STMicroelectronics.X-CUBE-BLEMGR.3.1.0
2024-03-03 14:21:42,920 [WARN] PackLoader:240 - Cannot read IP mode file for STMicroelectronics.FP-SNS-SMARTAG2.1.2.0
2024-03-03 14:21:42,939 [INFO] LogOutputStream:77 - [STDOUT_REDIRECT] 1 : Invalid condition id : UX_CORESTACK_Condition cause : null
2024-03-03 14:21:42,940 [INFO] LogOutputStream:77 - [STDOUT_REDIRECT] 1 : Invalid condition id : UX_CORESTACK_Condition cause : null
2024-03-03 14:21:42,943 [INFO] LogOutputStream:77 - [STDOUT_REDIRECT] 1 : Invalid condition id : UX_CORESTACK_Condition cause : null
2024-03-03 14:21:42,945 [INFO] LogOutputStream:77 - [STDOUT_REDIRECT] 1 : Invalid condition id : UX_CORESTACK_Condition cause : null
2024-03-03 14:21:42,947 [INFO] LogOutputStream:77 - [STDOUT_REDIRECT] 1 : Invalid condition id : UX_CORESTACK_Condition cause : null
2024-03-03 14:21:42,956 [WARN] PackLoader:240 - Cannot read IP mode file for STMicroelectronics.X-CUBE-AZRTOS-WL.2.0.0
2024-03-03 14:21:42,974 [WARN] PackLoader:240 - Cannot read IP mode file for WES.I-CUBE-Cesium.1.3.0
2024-03-03 14:21:42,984 [WARN] PackLoader:240 - Cannot read IP mode file for STMicroelectronics.X-CUBE-BLE2.3.3.0
2024-03-03 14:21:42,997 [WARN] PackLoader:240 - Cannot read IP mode file for STMicroelectronics.X-CUBE-ALGOBUILD.1.3.0
2024-03-03 14:21:43,026 [WARN] PackLoader:240 - Cannot read IP mode file for STMicroelectronics.X-CUBE-AZRTOS-G0.1.1.0
2024-03-03 14:21:43,042 [WARN] PackLoader:240 - Cannot read IP mode file for STMicroelectronics.X-CUBE-NFC4.3.0.0
2024-03-03 14:21:43,050 [WARN] PackLoader:240 - Cannot read IP mode file for STMicroelectronics.FP-ATR-SIGFOX1.3.2.0
2024-03-03 14:21:43,060 [WARN] PackLoader:240 - Cannot read IP mode file for STMicroelectronics.X-CUBE-EEPRMA1.5.1.0
2024-03-03 14:21:43,111 [WARN] PackLoader:240 - Cannot read IP mode file for SEGGER.I-CUBE-embOS.1.3.1
2024-03-03 14:21:43,157 [WARN] PackLoader:240 - Cannot read IP mode file for STMicroelectronics.X-CUBE-GNSS1.6.0.0
2024-03-03 14:21:43,180 [WARN] PackLoader:240 - Cannot read IP mode file for STMicroelectronics.X-CUBE-AZRTOS-F4.1.1.0
2024-03-03 14:21:43,187 [WARN] PackLoader:240 - Cannot read IP mode file for wolfSSL.I-CUBE-wolfSSL.5.6.6
2024-03-03 14:21:43,215 [WARN] PackLoader:240 - Cannot read IP mode file for STMicroelectronics.X-CUBE-AZRTOS-L5.2.0.0
2024-03-03 14:21:43,223 [WARN] PackLoader:240 - Cannot read IP mode file for ITTIA_DB.I-CUBE-ITTIADB.8.8.0
2024-03-03 14:21:43,229 [WARN] PackLoader:240 - Cannot read IP mode file for STMicroelectronics.X-CUBE-NFC7.1.0.1
2024-03-03 14:21:43,238 [WARN] PackLoader:240 - Cannot read IP mode file for STMicroelectronics.X-CUBE-NFC6.3.0.0
2024-03-03 14:21:43,247 [WARN] PackLoader:240 - Cannot read IP mode file for STMicroelectronics.X-CUBE-AI.8.1.0
2024-03-03 14:21:43,267 [WARN] ConditionMgr:438 - getConditionDescription Invalid condition id : LAN8742 Phy interface Condition cause : null
2024-03-03 14:21:43,268 [WARN] PackLoader:240 - Cannot read IP mode file for STMicroelectronics.X-CUBE-AZRTOS-L4.2.0.0
2024-03-03 14:21:43,269 [WARN] ConditionMgr:1039 - genDependencies : Invalid condition id : LAN8742 Phy interface Condition cause : null
2024-03-03 14:21:43,270 [WARN] ConditionMgr:1039 - genDependencies : Invalid condition id : LAN8742 Phy interface Condition cause : null
2024-03-03 14:21:43,271 [WARN] ConditionMgr:1039 - genDependencies : Invalid condition id : LAN8742 Phy interface Condition cause : null
2024-03-03 14:21:43,283 [WARN] PackLoader:240 - Cannot read IP mode file for STMicroelectronics.X-CUBE-SFXS2LP1.4.0.0
2024-03-03 14:21:43,298 [WARN] ConditionMgr:438 - getConditionDescription Invalid condition id : UX DEVICE CLASS RTOS Condition cause : null
2024-03-03 14:21:43,298 [WARN] ConditionMgr:438 - getConditionDescription Invalid condition id : UX DEVICE CLASS RTOS Condition cause : null
2024-03-03 14:21:43,300 [WARN] PackLoader:240 - Cannot read IP mode file for STMicroelectronics.X-CUBE-AZRTOS-WB.2.0.0
2024-03-03 14:21:43,300 [WARN] ConditionMgr:1039 - genDependencies : Invalid condition id : UX DEVICE CLASS RTOS Condition cause : null
2024-03-03 14:21:43,300 [WARN] ConditionMgr:1039 - genDependencies : Invalid condition id : UX DEVICE CLASS RTOS Condition cause : null
2024-03-03 14:21:43,300 [WARN] ConditionMgr:1039 - genDependencies : Invalid condition id : UX DEVICE CLASS RTOS Condition cause : null
2024-03-03 14:21:43,300 [WARN] ConditionMgr:1039 - genDependencies : Invalid condition id : UX DEVICE CLASS RTOS Condition cause : null
2024-03-03 14:21:43,300 [WARN] ConditionMgr:1039 - genDependencies : Invalid condition id : UX DEVICE CLASS RTOS Condition cause : null
2024-03-03 14:21:43,312 [WARN] PackLoader:240 - Cannot read IP mode file for STMicroelectronics.X-CUBE-SUBG2.5.0.0
2024-03-03 14:21:43,331 [WARN] PackLoader:240 - Cannot read IP mode file for STMicroelectronics.X-CUBE-AZRTOS-G4.2.0.0
2024-03-03 14:21:43,343 [WARN] PackLoader:240 - Cannot read IP mode file for Infineon.AIROC-Wi-Fi-Bluetooth-STM32.1.5.1
2024-03-03 14:21:43,349 [WARN] PackLoader:240 - Cannot read IP mode file for STMicroelectronics.FP-SNS-MOTENVWB1.1.3.1
2024-03-03 14:21:43,355 [WARN] PackLoader:240 - Cannot read IP mode file for STMicroelectronics.X-CUBE-ISPU.2.0.0
2024-03-03 14:21:43,389 [WARN] PackLoader:240 - Cannot read IP mode file for STMicroelectronics.X-CUBE-MEMS1.10.0.0
2024-03-03 14:21:43,510 [WARN] PackLoader:240 - Cannot read IP mode file for STMicroelectronics.X-CUBE-FREERTOS.1.1.0
2024-03-03 14:21:43,518 [WARN] PackLoader:240 - Cannot read IP mode file for portGmbH.I-Cube-SoM-uGOAL.1.1.0
2024-03-03 14:21:43,522 [WARN] PackLoader:240 - Cannot read IP mode file for STMicroelectronics.X-CUBE-ALS.1.0.1
2024-03-03 14:21:43,527 [WARN] PackLoader:240 - Cannot read IP mode file for STMicroelectronics.FP-ATR-ASTRA1.2.0.0
2024-03-03 14:21:43,538 [WARN] PackLoader:240 - Cannot read IP mode file for STMicroelectronics.X-CUBE-TOF1.3.4.0
2024-03-03 14:21:43,568 [WARN] PackLoader:240 - Cannot read IP mode file for STMicroelectronics.X-CUBE-AZRTOS-H7.3.2.0
2024-03-03 14:21:43,572 [INFO] ThirdParty:978 - Integrity check success = true
2024-03-03 14:21:43,573 [INFO] IntegrityCheckThread:100 - exiting critical section [integrity check]
2024-03-03 14:21:43,573 [INFO] IntegrityCheckThread:103 - End integrity checks thread
2024-03-03 14:22:02,921 [ERROR] LogOutputStream:75 - [STDERR_REDIRECT] SLF4J: Failed to load class "org.slf4j.impl.StaticLoggerBinder".
2024-03-03 14:22:02,923 [ERROR] LogOutputStream:75 - [STDERR_REDIRECT] SLF4J: Defaulting to no-operation (NOP) logger implementation
2024-03-03 14:22:02,924 [ERROR] LogOutputStream:75 - [STDERR_REDIRECT] SLF4J: See http://www.slf4j.org/codes.html#StaticLoggerBinder for further details.
2024-03-03 14:34:03,394 [ERROR] LogOutputStream:75 - [STDERR_REDIRECT] 
2024-03-03 14:34:03,396 [ERROR] LogOutputStream:75 - [STDERR_REDIRECT] 
